Analysis & Synthesis report for Scanner
Thu Nov 30 16:32:11 2017
Quartus II 32-bit Version 13.0.1 Build 232 06/12/2013 Service Pack 1 SJ Full Version


---------------------
; Table of Contents ;
---------------------
  1. Legal Notice
  2. Analysis & Synthesis Summary
  3. Analysis & Synthesis Settings
  4. Parallel Compilation
  5. Analysis & Synthesis Messages



----------------
; Legal Notice ;
----------------
Copyright (C) 1991-2013 Altera Corporation
Your use of Altera Corporation's design tools, logic functions 
and other software and tools, and its AMPP partner logic 
functions, and any output files from any of the foregoing 
(including device programming or simulation files), and any 
associated documentation or information are expressly subject 
to the terms and conditions of the Altera Program License 
Subscription Agreement, Altera MegaCore Function License 
Agreement, or other applicable license agreement, including, 
without limitation, that your use is for the sole purpose of 
programming logic devices manufactured by Altera and sold by 
Altera or its authorized distributors.  Please refer to the 
applicable agreement for further details.



+---------------------------------------------------------------------------------------+
; Analysis & Synthesis Summary                                                          ;
+------------------------------------+--------------------------------------------------+
; Analysis & Synthesis Status        ; Failed - Thu Nov 30 16:32:11 2017                ;
; Quartus II 32-bit Version          ; 13.0.1 Build 232 06/12/2013 SP 1 SJ Full Version ;
; Revision Name                      ; Scanner                                          ;
; Top-level Entity Name              ; Scanner                                          ;
; Family                             ; Cyclone III                                      ;
; Total logic elements               ; N/A until Partition Merge                        ;
;     Total combinational functions  ; N/A until Partition Merge                        ;
;     Dedicated logic registers      ; N/A until Partition Merge                        ;
; Total registers                    ; N/A until Partition Merge                        ;
; Total pins                         ; N/A until Partition Merge                        ;
; Total virtual pins                 ; N/A until Partition Merge                        ;
; Total memory bits                  ; N/A until Partition Merge                        ;
; Embedded Multiplier 9-bit elements ; N/A until Partition Merge                        ;
; Total PLLs                         ; N/A until Partition Merge                        ;
+------------------------------------+--------------------------------------------------+


+----------------------------------------------------------------------------------------------------------------------+
; Analysis & Synthesis Settings                                                                                        ;
+----------------------------------------------------------------------------+--------------------+--------------------+
; Option                                                                     ; Setting            ; Default Value      ;
+----------------------------------------------------------------------------+--------------------+--------------------+
; Device                                                                     ; EP3C55F484C8       ;                    ;
; Top-level entity name                                                      ; Scanner            ; Scanner            ;
; Family name                                                                ; Cyclone III        ; Cyclone IV GX      ;
; Use smart compilation                                                      ; Off                ; Off                ;
; Enable parallel Assembler and TimeQuest Timing Analyzer during compilation ; On                 ; On                 ;
; Enable compact report table                                                ; Off                ; Off                ;
; Restructure Multiplexers                                                   ; Auto               ; Auto               ;
; Create Debugging Nodes for IP Cores                                        ; Off                ; Off                ;
; Preserve fewer node names                                                  ; On                 ; On                 ;
; Disable OpenCore Plus hardware evaluation                                  ; Off                ; Off                ;
; Verilog Version                                                            ; Verilog_2001       ; Verilog_2001       ;
; VHDL Version                                                               ; VHDL_1993          ; VHDL_1993          ;
; State Machine Processing                                                   ; Auto               ; Auto               ;
; Safe State Machine                                                         ; Off                ; Off                ;
; Extract Verilog State Machines                                             ; On                 ; On                 ;
; Extract VHDL State Machines                                                ; On                 ; On                 ;
; Ignore Verilog initial constructs                                          ; Off                ; Off                ;
; Iteration limit for constant Verilog loops                                 ; 5000               ; 5000               ;
; Iteration limit for non-constant Verilog loops                             ; 250                ; 250                ;
; Add Pass-Through Logic to Inferred RAMs                                    ; On                 ; On                 ;
; Infer RAMs from Raw Logic                                                  ; On                 ; On                 ;
; Parallel Synthesis                                                         ; On                 ; On                 ;
; DSP Block Balancing                                                        ; Auto               ; Auto               ;
; NOT Gate Push-Back                                                         ; On                 ; On                 ;
; Power-Up Don't Care                                                        ; On                 ; On                 ;
; Remove Redundant Logic Cells                                               ; Off                ; Off                ;
; Remove Duplicate Registers                                                 ; On                 ; On                 ;
; Ignore CARRY Buffers                                                       ; Off                ; Off                ;
; Ignore CASCADE Buffers                                                     ; Off                ; Off                ;
; Ignore GLOBAL Buffers                                                      ; Off                ; Off                ;
; Ignore ROW GLOBAL Buffers                                                  ; Off                ; Off                ;
; Ignore LCELL Buffers                                                       ; Off                ; Off                ;
; Ignore SOFT Buffers                                                        ; On                 ; On                 ;
; Limit AHDL Integers to 32 Bits                                             ; Off                ; Off                ;
; Optimization Technique                                                     ; Balanced           ; Balanced           ;
; Carry Chain Length                                                         ; 70                 ; 70                 ;
; Auto Carry Chains                                                          ; On                 ; On                 ;
; Auto Open-Drain Pins                                                       ; On                 ; On                 ;
; Perform WYSIWYG Primitive Resynthesis                                      ; Off                ; Off                ;
; Auto ROM Replacement                                                       ; On                 ; On                 ;
; Auto RAM Replacement                                                       ; On                 ; On                 ;
; Auto DSP Block Replacement                                                 ; On                 ; On                 ;
; Auto Shift Register Replacement                                            ; Auto               ; Auto               ;
; Allow Shift Register Merging across Hierarchies                            ; Auto               ; Auto               ;
; Auto Clock Enable Replacement                                              ; On                 ; On                 ;
; Strict RAM Replacement                                                     ; Off                ; Off                ;
; Allow Synchronous Control Signals                                          ; On                 ; On                 ;
; Force Use of Synchronous Clear Signals                                     ; Off                ; Off                ;
; Auto RAM Block Balancing                                                   ; On                 ; On                 ;
; Auto RAM to Logic Cell Conversion                                          ; Off                ; Off                ;
; Auto Resource Sharing                                                      ; Off                ; Off                ;
; Allow Any RAM Size For Recognition                                         ; Off                ; Off                ;
; Allow Any ROM Size For Recognition                                         ; Off                ; Off                ;
; Allow Any Shift Register Size For Recognition                              ; Off                ; Off                ;
; Use LogicLock Constraints during Resource Balancing                        ; On                 ; On                 ;
; Ignore translate_off and synthesis_off directives                          ; Off                ; Off                ;
; Timing-Driven Synthesis                                                    ; On                 ; On                 ;
; Report Parameter Settings                                                  ; On                 ; On                 ;
; Report Source Assignments                                                  ; On                 ; On                 ;
; Report Connectivity Checks                                                 ; On                 ; On                 ;
; Ignore Maximum Fan-Out Assignments                                         ; Off                ; Off                ;
; Synchronization Register Chain Length                                      ; 2                  ; 2                  ;
; PowerPlay Power Optimization                                               ; Normal compilation ; Normal compilation ;
; HDL message level                                                          ; Level2             ; Level2             ;
; Suppress Register Optimization Related Messages                            ; Off                ; Off                ;
; Number of Removed Registers Reported in Synthesis Report                   ; 5000               ; 5000               ;
; Number of Swept Nodes Reported in Synthesis Report                         ; 5000               ; 5000               ;
; Number of Inverted Registers Reported in Synthesis Report                  ; 100                ; 100                ;
; Clock MUX Protection                                                       ; On                 ; On                 ;
; Auto Gated Clock Conversion                                                ; Off                ; Off                ;
; Block Design Naming                                                        ; Auto               ; Auto               ;
; SDC constraint protection                                                  ; Off                ; Off                ;
; Synthesis Effort                                                           ; Auto               ; Auto               ;
; Shift Register Replacement - Allow Asynchronous Clear Signal               ; On                 ; On                 ;
; Pre-Mapping Resynthesis Optimization                                       ; Off                ; Off                ;
; Analysis & Synthesis Message Level                                         ; Medium             ; Medium             ;
; Disable Register Merging Across Hierarchies                                ; Auto               ; Auto               ;
; Resource Aware Inference For Block RAM                                     ; On                 ; On                 ;
; Synthesis Seed                                                             ; 1                  ; 1                  ;
+----------------------------------------------------------------------------+--------------------+--------------------+


+------------------------------------------+
; Parallel Compilation                     ;
+----------------------------+-------------+
; Processors                 ; Number      ;
+----------------------------+-------------+
; Number detected on machine ; 4           ;
; Maximum allowed            ; 2           ;
;                            ;             ;
; Average used               ; 1.00        ;
; Maximum used               ; 1           ;
;                            ;             ;
; Usage by Processor         ; % Time Used ;
;     Processor 1            ; 100.0%      ;
;     Processors 2-4         ;   0.0%      ;
+----------------------------+-------------+


+-------------------------------+
; Analysis & Synthesis Messages ;
+-------------------------------+
Info: *******************************************************************
Info: Running Quartus II 32-bit Analysis & Synthesis
    Info: Version 13.0.1 Build 232 06/12/2013 Service Pack 1 SJ Full Version
    Info: Processing started: Thu Nov 30 16:32:11 2017
Info: Command: quartus_map --read_settings_files=on --write_settings_files=off Scanner -c Scanner
Info (11104): Parallel Compilation has detected 4 hyper-threaded processors. However, the extra hyper-threaded processors will not be used by default. Parallel Compilation will use 2 of the 2 physical processors detected instead.
Info (12021): Found 1 design units, including 1 entities, in source file seven_segment_display.v
    Info (12023): Found entity 1: Seven_Segment_Display
Info (12021): Found 1 design units, including 1 entities, in source file frequency_divider.v
    Info (12023): Found entity 1: Frequency_Divider
Info (12021): Found 1 design units, including 1 entities, in source file selector.v
    Info (12023): Found entity 1: Selector
Info (12021): Found 1 design units, including 1 entities, in source file scanner.bdf
    Info (12023): Found entity 1: Scanner
Info (12021): Found 1 design units, including 1 entities, in source file chooser.v
    Info (12023): Found entity 1: Chooser
Info (12021): Found 1 design units, including 1 entities, in source file timer.bdf
    Info (12023): Found entity 1: timer
Error (10170): Verilog HDL syntax error at memory.v(8) near text ")";  expecting an operand File: D:/16021019/TimeStop/output_files/memory.v Line: 8
Error (10280): Verilog HDL Port Declaration error at memory.v(16): cannot redeclare port "in1" because it is already fully declared File: D:/16021019/TimeStop/output_files/memory.v Line: 16
Error (10170): Verilog HDL syntax error at memory.v(16) near text "in1";  expecting ";" File: D:/16021019/TimeStop/output_files/memory.v Line: 16
Error (10280): Verilog HDL Port Declaration error at memory.v(16): cannot redeclare port "in2" because it is already fully declared File: D:/16021019/TimeStop/output_files/memory.v Line: 16
Error (10280): Verilog HDL Port Declaration error at memory.v(16): cannot redeclare port "in4" because it is already fully declared File: D:/16021019/TimeStop/output_files/memory.v Line: 16
Error (10280): Verilog HDL Port Declaration error at memory.v(16): cannot redeclare port "in5" because it is already fully declared File: D:/16021019/TimeStop/output_files/memory.v Line: 16
Error (10280): Verilog HDL Port Declaration error at memory.v(16): cannot redeclare port "in7" because it is already fully declared File: D:/16021019/TimeStop/output_files/memory.v Line: 16
Error (10280): Verilog HDL Port Declaration error at memory.v(16): cannot redeclare port "in8" because it is already fully declared File: D:/16021019/TimeStop/output_files/memory.v Line: 16
Error (10170): Verilog HDL syntax error at memory.v(16) near text "}";  expecting ";" File: D:/16021019/TimeStop/output_files/memory.v Line: 16
Error (10280): Verilog HDL Port Declaration error at memory.v(17): cannot redeclare port "in1" because it is already fully declared File: D:/16021019/TimeStop/output_files/memory.v Line: 17
Error (10170): Verilog HDL syntax error at memory.v(17) near text "in1";  expecting ";" File: D:/16021019/TimeStop/output_files/memory.v Line: 17
Error (10280): Verilog HDL Port Declaration error at memory.v(17): cannot redeclare port "in2" because it is already fully declared File: D:/16021019/TimeStop/output_files/memory.v Line: 17
Error (10280): Verilog HDL Port Declaration error at memory.v(17): cannot redeclare port "in4" because it is already fully declared File: D:/16021019/TimeStop/output_files/memory.v Line: 17
Error (10280): Verilog HDL Port Declaration error at memory.v(17): cannot redeclare port "in5" because it is already fully declared File: D:/16021019/TimeStop/output_files/memory.v Line: 17
Error (10280): Verilog HDL Port Declaration error at memory.v(17): cannot redeclare port "in7" because it is already fully declared File: D:/16021019/TimeStop/output_files/memory.v Line: 17
Error (10280): Verilog HDL Port Declaration error at memory.v(17): cannot redeclare port "in8" because it is already fully declared File: D:/16021019/TimeStop/output_files/memory.v Line: 17
Error (10170): Verilog HDL syntax error at memory.v(17) near text "}";  expecting ";" File: D:/16021019/TimeStop/output_files/memory.v Line: 17
Error (10112): Ignored design unit "memory" at memory.v(1) due to previous errors File: D:/16021019/TimeStop/output_files/memory.v Line: 1
Info (12021): Found 0 design units, including 0 entities, in source file output_files/memory.v
Error: Quartus II 32-bit Analysis & Synthesis was unsuccessful. 18 errors, 0 warnings
    Error: Peak virtual memory: 320 megabytes
    Error: Processing ended: Thu Nov 30 16:32:11 2017
    Error: Elapsed time: 00:00:00
    Error: Total CPU time (on all processors): 00:00:01


