Flow report for 7-Segment_Display
Wed Oct 19 15:42:51 2011
Quartus II 32-bit Version 13.0.1 Build 232 06/12/2013 Service Pack 1 SJ Full Version


---------------------
; Table of Contents ;
---------------------
  1. Legal Notice
  2. Flow Summary
  3. Flow Settings
  4. Flow Non-Default Global Settings
  5. Flow Elapsed Time
  6. Flow OS Summary
  7. Flow Log
  8. Flow Messages
  9. Flow Suppressed Messages



----------------
; Legal Notice ;
----------------
Copyright (C) 1991-2013 Altera Corporation
Your use of Altera Corporation's design tools, logic functions 
and other software and tools, and its AMPP partner logic 
functions, and any output files from any of the foregoing 
(including device programming or simulation files), and any 
associated documentation or information are expressly subject 
to the terms and conditions of the Altera Program License 
Subscription Agreement, Altera MegaCore Function License 
Agreement, or other applicable license agreement, including, 
without limitation, that your use is for the sole purpose of 
programming logic devices manufactured by Altera and sold by 
Altera or its authorized distributors.  Please refer to the 
applicable agreement for further details.



+---------------------------------------------------------------------------------------+
; Flow Summary                                                                          ;
+------------------------------------+--------------------------------------------------+
; Flow Status                        ; Successful - Wed Oct 19 15:42:48 2011            ;
; Quartus II 32-bit Version          ; 13.0.1 Build 232 06/12/2013 SP 1 SJ Full Version ;
; Revision Name                      ; 7-Segment_Display                                ;
; Top-level Entity Name              ; Seven_Segment_Display                            ;
; Family                             ; Cyclone III                                      ;
; Device                             ; EP3C55U484C8                                     ;
; Timing Models                      ; Final                                            ;
; Total logic elements               ; 7 / 55,856 ( < 1 % )                             ;
;     Total combinational functions  ; 7 / 55,856 ( < 1 % )                             ;
;     Dedicated logic registers      ; 0 / 55,856 ( 0 % )                               ;
; Total registers                    ; 0                                                ;
; Total pins                         ; 12 / 328 ( 4 % )                                 ;
; Total virtual pins                 ; 0                                                ;
; Total memory bits                  ; 0 / 2,396,160 ( 0 % )                            ;
; Embedded Multiplier 9-bit elements ; 0 / 312 ( 0 % )                                  ;
; Total PLLs                         ; 0 / 4 ( 0 % )                                    ;
+------------------------------------+--------------------------------------------------+


+-----------------------------------------+
; Flow Settings                           ;
+-------------------+---------------------+
; Option            ; Setting             ;
+-------------------+---------------------+
; Start date & time ; 10/19/2011 15:42:33 ;
; Main task         ; Compilation         ;
; Revision Name     ; 7-Segment_Display   ;
+-------------------+---------------------+


+------------------------------------------------------------------------------------------------------------------------------------------+
; Flow Non-Default Global Settings                                                                                                         ;
+-------------------------------------+---------------------------------------+-------------------+-----------------------+----------------+
; Assignment Name                     ; Value                                 ; Default Value     ; Entity Name           ; Section Id     ;
+-------------------------------------+---------------------------------------+-------------------+-----------------------+----------------+
; COMPILER_SIGNATURE_ID               ; 586682468452.131901015203268          ; --                ; --                    ; --             ;
; EDA_OUTPUT_DATA_FORMAT              ; Verilog Hdl                           ; --                ; --                    ; eda_simulation ;
; EDA_SIMULATION_TOOL                 ; ModelSim-Altera (Verilog)             ; <None>            ; --                    ; --             ;
; EDA_TIME_SCALE                      ; 1 ps                                  ; --                ; --                    ; eda_simulation ;
; MAX_CORE_JUNCTION_TEMP              ; 85                                    ; --                ; --                    ; --             ;
; MIN_CORE_JUNCTION_TEMP              ; 0                                     ; --                ; --                    ; --             ;
; NOMINAL_CORE_SUPPLY_VOLTAGE         ; 1.2V                                  ; --                ; --                    ; --             ;
; PARTITION_COLOR                     ; 16764057                              ; --                ; Seven_Segment_Display ; Top            ;
; PARTITION_FITTER_PRESERVATION_LEVEL ; PLACEMENT_AND_ROUTING                 ; --                ; Seven_Segment_Display ; Top            ;
; PARTITION_NETLIST_TYPE              ; SOURCE                                ; --                ; Seven_Segment_Display ; Top            ;
; POWER_BOARD_THERMAL_MODEL           ; None (CONSERVATIVE)                   ; --                ; --                    ; --             ;
; POWER_PRESET_COOLING_SOLUTION       ; 23 MM HEAT SINK WITH 200 LFPM AIRFLOW ; --                ; --                    ; --             ;
; PROJECT_OUTPUT_DIRECTORY            ; output_files                          ; --                ; --                    ; --             ;
; TOP_LEVEL_ENTITY                    ; Seven_Segment_Display                 ; 7-Segment_Display ; --                    ; --             ;
+-------------------------------------+---------------------------------------+-------------------+-----------------------+----------------+


+-------------------------------------------------------------------------------------------------------------------------------+
; Flow Elapsed Time                                                                                                             ;
+---------------------------+--------------+-------------------------+---------------------+------------------------------------+
; Module Name               ; Elapsed Time ; Average Processors Used ; Peak Virtual Memory ; Total CPU Time (on all processors) ;
+---------------------------+--------------+-------------------------+---------------------+------------------------------------+
; Analysis & Synthesis      ; 00:00:01     ; 1.0                     ; 335 MB              ; 00:00:01                           ;
; Fitter                    ; 00:00:09     ; 1.4                     ; 595 MB              ; 00:00:10                           ;
; Assembler                 ; 00:00:04     ; 1.0                     ; 362 MB              ; 00:00:04                           ;
; TimeQuest Timing Analyzer ; 00:00:02     ; 1.0                     ; 391 MB              ; 00:00:02                           ;
; Total                     ; 00:00:16     ; --                      ; --                  ; 00:00:17                           ;
+---------------------------+--------------+-------------------------+---------------------+------------------------------------+


+----------------------------------------------------------------------------------------+
; Flow OS Summary                                                                        ;
+---------------------------+------------------+-----------+------------+----------------+
; Module Name               ; Machine Hostname ; OS Name   ; OS Version ; Processor type ;
+---------------------------+------------------+-----------+------------+----------------+
; Analysis & Synthesis      ; Stu21            ; Windows 7 ; 6.1        ; i686           ;
; Fitter                    ; Stu21            ; Windows 7 ; 6.1        ; i686           ;
; Assembler                 ; Stu21            ; Windows 7 ; 6.1        ; i686           ;
; TimeQuest Timing Analyzer ; Stu21            ; Windows 7 ; 6.1        ; i686           ;
+---------------------------+------------------+-----------+------------+----------------+


------------
; Flow Log ;
------------
quartus_map --read_settings_files=on --write_settings_files=off 7-Segment_Display -c 7-Segment_Display
quartus_fit --read_settings_files=off --write_settings_files=off 7-Segment_Display -c 7-Segment_Display
quartus_asm --read_settings_files=off --write_settings_files=off 7-Segment_Display -c 7-Segment_Display
quartus_sta 7-Segment_Display -c 7-Segment_Display



