EDA Netlist Writer report for Selector
Wed Oct 26 15:46:09 2011
Quartus II 32-bit Version 13.0.1 Build 232 06/12/2013 Service Pack 1 SJ Full Version


---------------------
; Table of Contents ;
---------------------
  1. Legal Notice
  2. EDA Netlist Writer Summary
  3. Simulation Settings
  4. Simulation Generated Files
  5. EDA Netlist Writer Messages



----------------
; Legal Notice ;
----------------
Copyright (C) 1991-2013 Altera Corporation
Your use of Altera Corporation's design tools, logic functions 
and other software and tools, and its AMPP partner logic 
functions, and any output files from any of the foregoing 
(including device programming or simulation files), and any 
associated documentation or information are expressly subject 
to the terms and conditions of the Altera Program License 
Subscription Agreement, Altera MegaCore Function License 
Agreement, or other applicable license agreement, including, 
without limitation, that your use is for the sole purpose of 
programming logic devices manufactured by Altera and sold by 
Altera or its authorized distributors.  Please refer to the 
applicable agreement for further details.



+-------------------------------------------------------------------+
; EDA Netlist Writer Summary                                        ;
+---------------------------+---------------------------------------+
; EDA Netlist Writer Status ; Successful - Wed Oct 26 15:46:09 2011 ;
; Revision Name             ; Selector                              ;
; Top-level Entity Name     ; Block1                                ;
; Family                    ; Cyclone III                           ;
; Simulation Files Creation ; Successful                            ;
+---------------------------+---------------------------------------+


+-------------------------------------------------------------------------------------------------------------------------------+
; Simulation Settings                                                                                                           ;
+---------------------------------------------------------------------------------------------------+---------------------------+
; Option                                                                                            ; Setting                   ;
+---------------------------------------------------------------------------------------------------+---------------------------+
; Tool Name                                                                                         ; ModelSim-Altera (Verilog) ;
; Generate netlist for functional simulation only                                                   ; Off                       ;
; Time scale                                                                                        ; 1 ps                      ;
; Truncate long hierarchy paths                                                                     ; Off                       ;
; Map illegal HDL characters                                                                        ; Off                       ;
; Flatten buses into individual nodes                                                               ; Off                       ;
; Maintain hierarchy                                                                                ; Off                       ;
; Bring out device-wide set/reset signals as ports                                                  ; Off                       ;
; Enable glitch filtering                                                                           ; Off                       ;
; Do not write top level VHDL entity                                                                ; Off                       ;
; Disable detection of setup and hold time violations in the input registers of bi-directional pins ; Off                       ;
; Architecture name in VHDL output netlist                                                          ; structure                 ;
; Generate third-party EDA tool command script for RTL functional simulation                        ; Off                       ;
; Generate third-party EDA tool command script for gate-level simulation                            ; Off                       ;
+---------------------------------------------------------------------------------------------------+---------------------------+


+----------------------------------------------------------------------------------+
; Simulation Generated Files                                                       ;
+----------------------------------------------------------------------------------+
; Generated Files                                                                  ;
+----------------------------------------------------------------------------------+
; D:/16021019/Test03/Project/simulation/modelsim/Selector_8_1200mv_85c_slow.vo     ;
; D:/16021019/Test03/Project/simulation/modelsim/Selector_8_1200mv_0c_slow.vo      ;
; D:/16021019/Test03/Project/simulation/modelsim/Selector_min_1200mv_0c_fast.vo    ;
; D:/16021019/Test03/Project/simulation/modelsim/Selector.vo                       ;
; D:/16021019/Test03/Project/simulation/modelsim/Selector_8_1200mv_85c_v_slow.sdo  ;
; D:/16021019/Test03/Project/simulation/modelsim/Selector_8_1200mv_0c_v_slow.sdo   ;
; D:/16021019/Test03/Project/simulation/modelsim/Selector_min_1200mv_0c_v_fast.sdo ;
; D:/16021019/Test03/Project/simulation/modelsim/Selector_v.sdo                    ;
+----------------------------------------------------------------------------------+


+-----------------------------+
; EDA Netlist Writer Messages ;
+-----------------------------+
Info: *******************************************************************
Info: Running Quartus II 32-bit EDA Netlist Writer
    Info: Version 13.0.1 Build 232 06/12/2013 Service Pack 1 SJ Full Version
    Info: Processing started: Wed Oct 26 15:46:08 2011
Info: Command: quartus_eda --functional=off --timescale=1ps --simulation=on --tool=modelsim_oem --format=verilog Selector -c Selector
Info (204019): Generated file Selector_8_1200mv_85c_slow.vo in folder "D:/16021019/Test03/Project/simulation/modelsim/" for EDA simulation tool
Info (204019): Generated file Selector_8_1200mv_0c_slow.vo in folder "D:/16021019/Test03/Project/simulation/modelsim/" for EDA simulation tool
Info (204019): Generated file Selector_min_1200mv_0c_fast.vo in folder "D:/16021019/Test03/Project/simulation/modelsim/" for EDA simulation tool
Info (204019): Generated file Selector.vo in folder "D:/16021019/Test03/Project/simulation/modelsim/" for EDA simulation tool
Info (204019): Generated file Selector_8_1200mv_85c_v_slow.sdo in folder "D:/16021019/Test03/Project/simulation/modelsim/" for EDA simulation tool
Info (204019): Generated file Selector_8_1200mv_0c_v_slow.sdo in folder "D:/16021019/Test03/Project/simulation/modelsim/" for EDA simulation tool
Info (204019): Generated file Selector_min_1200mv_0c_v_fast.sdo in folder "D:/16021019/Test03/Project/simulation/modelsim/" for EDA simulation tool
Info (204019): Generated file Selector_v.sdo in folder "D:/16021019/Test03/Project/simulation/modelsim/" for EDA simulation tool
Info: Quartus II 32-bit EDA Netlist Writer was successful. 0 errors, 0 warnings
    Info: Peak virtual memory: 322 megabytes
    Info: Processing ended: Wed Oct 26 15:46:09 2011
    Info: Elapsed time: 00:00:01
    Info: Total CPU time (on all processors): 00:00:01


