TimeQuest Timing Analyzer report for Elevator
Thu Dec 21 22:24:12 2017
Quartus II 64-Bit Version 13.0.0 Build 156 04/24/2013 SJ Full Version


---------------------
; Table of Contents ;
---------------------
  1. Legal Notice
  2. TimeQuest Timing Analyzer Summary
  3. Parallel Compilation
  4. Clocks
  5. Slow 1200mV 85C Model Fmax Summary
  6. Timing Closure Recommendations
  7. Slow 1200mV 85C Model Setup Summary
  8. Slow 1200mV 85C Model Hold Summary
  9. Slow 1200mV 85C Model Recovery Summary
 10. Slow 1200mV 85C Model Removal Summary
 11. Slow 1200mV 85C Model Minimum Pulse Width Summary
 12. Slow 1200mV 85C Model Setup: 'clk'
 13. Slow 1200mV 85C Model Setup: 'clk_1hz'
 14. Slow 1200mV 85C Model Hold: 'clk_1hz'
 15. Slow 1200mV 85C Model Hold: 'clk'
 16. Slow 1200mV 85C Model Minimum Pulse Width: 'clk_1hz'
 17. Slow 1200mV 85C Model Minimum Pulse Width: 'clk'
 18. Setup Times
 19. Hold Times
 20. Clock to Output Times
 21. Minimum Clock to Output Times
 22. Slow 1200mV 85C Model Metastability Report
 23. Slow 1200mV 0C Model Fmax Summary
 24. Slow 1200mV 0C Model Setup Summary
 25. Slow 1200mV 0C Model Hold Summary
 26. Slow 1200mV 0C Model Recovery Summary
 27. Slow 1200mV 0C Model Removal Summary
 28. Slow 1200mV 0C Model Minimum Pulse Width Summary
 29. Slow 1200mV 0C Model Setup: 'clk'
 30. Slow 1200mV 0C Model Setup: 'clk_1hz'
 31. Slow 1200mV 0C Model Hold: 'clk_1hz'
 32. Slow 1200mV 0C Model Hold: 'clk'
 33. Slow 1200mV 0C Model Minimum Pulse Width: 'clk_1hz'
 34. Slow 1200mV 0C Model Minimum Pulse Width: 'clk'
 35. Setup Times
 36. Hold Times
 37. Clock to Output Times
 38. Minimum Clock to Output Times
 39. Slow 1200mV 0C Model Metastability Report
 40. Fast 1200mV 0C Model Setup Summary
 41. Fast 1200mV 0C Model Hold Summary
 42. Fast 1200mV 0C Model Recovery Summary
 43. Fast 1200mV 0C Model Removal Summary
 44. Fast 1200mV 0C Model Minimum Pulse Width Summary
 45. Fast 1200mV 0C Model Setup: 'clk_1hz'
 46. Fast 1200mV 0C Model Setup: 'clk'
 47. Fast 1200mV 0C Model Hold: 'clk_1hz'
 48. Fast 1200mV 0C Model Hold: 'clk'
 49. Fast 1200mV 0C Model Minimum Pulse Width: 'clk_1hz'
 50. Fast 1200mV 0C Model Minimum Pulse Width: 'clk'
 51. Setup Times
 52. Hold Times
 53. Clock to Output Times
 54. Minimum Clock to Output Times
 55. Fast 1200mV 0C Model Metastability Report
 56. Multicorner Timing Analysis Summary
 57. Setup Times
 58. Hold Times
 59. Clock to Output Times
 60. Minimum Clock to Output Times
 61. Board Trace Model Assignments
 62. Input Transition Times
 63. Slow Corner Signal Integrity Metrics
 64. Fast Corner Signal Integrity Metrics
 65. Setup Transfers
 66. Hold Transfers
 67. Report TCCS
 68. Report RSKM
 69. Unconstrained Paths
 70. TimeQuest Timing Analyzer Messages



----------------
; Legal Notice ;
----------------
Copyright (C) 1991-2013 Altera Corporation
Your use of Altera Corporation's design tools, logic functions 
and other software and tools, and its AMPP partner logic 
functions, and any output files from any of the foregoing 
(including device programming or simulation files), and any 
associated documentation or information are expressly subject 
to the terms and conditions of the Altera Program License 
Subscription Agreement, Altera MegaCore Function License 
Agreement, or other applicable license agreement, including, 
without limitation, that your use is for the sole purpose of 
programming logic devices manufactured by Altera and sold by 
Altera or its authorized distributors.  Please refer to the 
applicable agreement for further details.



+--------------------------------------------------------------------------+
; TimeQuest Timing Analyzer Summary                                        ;
+--------------------+-----------------------------------------------------+
; Quartus II Version ; Version 13.0.0 Build 156 04/24/2013 SJ Full Version ;
; Revision Name      ; Elevator                                            ;
; Device Family      ; Cyclone III                                         ;
; Device Name        ; EP3C55F484C8                                        ;
; Timing Models      ; Final                                               ;
; Delay Model        ; Combined                                            ;
; Rise/Fall Delays   ; Enabled                                             ;
+--------------------+-----------------------------------------------------+


+------------------------------------------+
; Parallel Compilation                     ;
+----------------------------+-------------+
; Processors                 ; Number      ;
+----------------------------+-------------+
; Number detected on machine ; 8           ;
; Maximum allowed            ; 4           ;
;                            ;             ;
; Average used               ; 1.00        ;
; Maximum used               ; 4           ;
;                            ;             ;
; Usage by Processor         ; % Time Used ;
;     Processor 1            ; 100.0%      ;
;     Processors 2-4         ; < 0.1%      ;
;     Processors 5-8         ;   0.0%      ;
+----------------------------+-------------+


+-------------------------------------------------------------------------------------------------------------------------------------------------------------------------------------+
; Clocks                                                                                                                                                                              ;
+------------+------+--------+------------+-------+-------+------------+-----------+-------------+-------+--------+-----------+------------+----------+--------+--------+-------------+
; Clock Name ; Type ; Period ; Frequency  ; Rise  ; Fall  ; Duty Cycle ; Divide by ; Multiply by ; Phase ; Offset ; Edge List ; Edge Shift ; Inverted ; Master ; Source ; Targets     ;
+------------+------+--------+------------+-------+-------+------------+-----------+-------------+-------+--------+-----------+------------+----------+--------+--------+-------------+
; clk        ; Base ; 1.000  ; 1000.0 MHz ; 0.000 ; 0.500 ;            ;           ;             ;       ;        ;           ;            ;          ;        ;        ; { clk }     ;
; clk_1hz    ; Base ; 1.000  ; 1000.0 MHz ; 0.000 ; 0.500 ;            ;           ;             ;       ;        ;           ;            ;          ;        ;        ; { clk_1hz } ;
+------------+------+--------+------------+-------+-------+------------+-----------+-------------+-------+--------+-----------+------------+----------+--------+--------+-------------+


+-----------------------------------------------------------------------------------------------------------+
; Slow 1200mV 85C Model Fmax Summary                                                                        ;
+------------+-----------------+------------+---------------------------------------------------------------+
; Fmax       ; Restricted Fmax ; Clock Name ; Note                                                          ;
+------------+-----------------+------------+---------------------------------------------------------------+
; 704.23 MHz ; 402.09 MHz      ; clk        ; limit due to minimum period restriction (tmin)                ;
; 717.36 MHz ; 250.0 MHz       ; clk_1hz    ; limit due to minimum period restriction (max I/O toggle rate) ;
+------------+-----------------+------------+---------------------------------------------------------------+
This panel reports FMAX for every clock in the design, regardless of the user-specified clock periods.  FMAX is only computed for paths where the source and destination registers or ports are driven by the same clock.  Paths of different clocks, including generated clocks, are ignored.  For paths between a clock and its inversion, FMAX is computed as if the rising and falling edges are scaled along with FMAX, such that the duty cycle (in terms of a percentage) is maintained. Altera recommends that you always use clock constraints and other slack reports for sign-off analysis.


----------------------------------
; Timing Closure Recommendations ;
----------------------------------
HTML report is unavailable in plain text report export.


+-------------------------------------+
; Slow 1200mV 85C Model Setup Summary ;
+---------+--------+------------------+
; Clock   ; Slack  ; End Point TNS    ;
+---------+--------+------------------+
; clk     ; -0.420 ; -0.420           ;
; clk_1hz ; -0.394 ; -0.394           ;
+---------+--------+------------------+


+------------------------------------+
; Slow 1200mV 85C Model Hold Summary ;
+---------+-------+------------------+
; Clock   ; Slack ; End Point TNS    ;
+---------+-------+------------------+
; clk_1hz ; 0.004 ; 0.000            ;
; clk     ; 0.449 ; 0.000            ;
+---------+-------+------------------+


------------------------------------------
; Slow 1200mV 85C Model Recovery Summary ;
------------------------------------------
No paths to report.


-----------------------------------------
; Slow 1200mV 85C Model Removal Summary ;
-----------------------------------------
No paths to report.


+---------------------------------------------------+
; Slow 1200mV 85C Model Minimum Pulse Width Summary ;
+---------+--------+--------------------------------+
; Clock   ; Slack  ; End Point TNS                  ;
+---------+--------+--------------------------------+
; clk_1hz ; -3.000 ; -5.974                         ;
; clk     ; -1.487 ; -4.461                         ;
+---------+--------+--------------------------------+


+--------------------------------------------------------------------------------------------------------------------+
; Slow 1200mV 85C Model Setup: 'clk'                                                                                 ;
+--------+------------------+------------------+--------------+-------------+--------------+------------+------------+
; Slack  ; From Node        ; To Node          ; Launch Clock ; Latch Clock ; Relationship ; Clock Skew ; Data Delay ;
+--------+------------------+------------------+--------------+-------------+--------------+------------+------------+
; -0.420 ; position[0]~reg0 ; position[1]~reg0 ; clk          ; clk         ; 1.000        ; -0.085     ; 1.336      ;
; 0.058  ; position[0]~reg0 ; position[0]~reg0 ; clk          ; clk         ; 1.000        ; -0.085     ; 0.858      ;
; 0.058  ; position[1]~reg0 ; position[1]~reg0 ; clk          ; clk         ; 1.000        ; -0.085     ; 0.858      ;
; 0.094  ; Door~reg0        ; Door~reg0        ; clk          ; clk         ; 1.000        ; -0.085     ; 0.822      ;
+--------+------------------+------------------+--------------+-------------+--------------+------------+------------+


+----------------------------------------------------------------------------------------------------+
; Slow 1200mV 85C Model Setup: 'clk_1hz'                                                             ;
+--------+-----------+---------+--------------+-------------+--------------+------------+------------+
; Slack  ; From Node ; To Node ; Launch Clock ; Latch Clock ; Relationship ; Clock Skew ; Data Delay ;
+--------+-----------+---------+--------------+-------------+--------------+------------+------------+
; -0.394 ; count     ; clk     ; clk_1hz      ; clk_1hz     ; 1.000        ; -0.085     ; 1.310      ;
; 0.058  ; count     ; count   ; clk_1hz      ; clk_1hz     ; 1.000        ; -0.085     ; 0.858      ;
; 0.068  ; clk       ; clk     ; clk          ; clk_1hz     ; 0.500        ; 3.075      ; 3.759      ;
; 0.382  ; clk       ; clk     ; clk          ; clk_1hz     ; 1.000        ; 3.075      ; 3.945      ;
+--------+-----------+---------+--------------+-------------+--------------+------------+------------+


+---------------------------------------------------------------------------------------------------+
; Slow 1200mV 85C Model Hold: 'clk_1hz'                                                             ;
+-------+-----------+---------+--------------+-------------+--------------+------------+------------+
; Slack ; From Node ; To Node ; Launch Clock ; Latch Clock ; Relationship ; Clock Skew ; Data Delay ;
+-------+-----------+---------+--------------+-------------+--------------+------------+------------+
; 0.004 ; clk       ; clk     ; clk          ; clk_1hz     ; 0.000        ; 3.189      ; 3.696      ;
; 0.337 ; clk       ; clk     ; clk          ; clk_1hz     ; -0.500       ; 3.189      ; 3.529      ;
; 0.461 ; count     ; count   ; clk_1hz      ; clk_1hz     ; 0.000        ; 0.085      ; 0.758      ;
; 0.859 ; count     ; clk     ; clk_1hz      ; clk_1hz     ; 0.000        ; 0.085      ; 1.156      ;
+-------+-----------+---------+--------------+-------------+--------------+------------+------------+


+-------------------------------------------------------------------------------------------------------------------+
; Slow 1200mV 85C Model Hold: 'clk'                                                                                 ;
+-------+------------------+------------------+--------------+-------------+--------------+------------+------------+
; Slack ; From Node        ; To Node          ; Launch Clock ; Latch Clock ; Relationship ; Clock Skew ; Data Delay ;
+-------+------------------+------------------+--------------+-------------+--------------+------------+------------+
; 0.449 ; Door~reg0        ; Door~reg0        ; clk          ; clk         ; 0.000        ; 0.085      ; 0.746      ;
; 0.449 ; position[0]~reg0 ; position[0]~reg0 ; clk          ; clk         ; 0.000        ; 0.085      ; 0.746      ;
; 0.449 ; position[1]~reg0 ; position[1]~reg0 ; clk          ; clk         ; 0.000        ; 0.085      ; 0.746      ;
; 0.885 ; position[0]~reg0 ; position[1]~reg0 ; clk          ; clk         ; 0.000        ; 0.085      ; 1.182      ;
+-------+------------------+------------------+--------------+-------------+--------------+------------+------------+


+------------------------------------------------------------------------------------------------------------------+
; Slow 1200mV 85C Model Minimum Pulse Width: 'clk_1hz'                                                             ;
+--------+--------------+----------------+------------------+---------+------------+-------------------------------+
; Slack  ; Actual Width ; Required Width ; Type             ; Clock   ; Clock Edge ; Target                        ;
+--------+--------------+----------------+------------------+---------+------------+-------------------------------+
; -3.000 ; 1.000        ; 4.000          ; Port Rate        ; clk_1hz ; Rise       ; clk_1hz                       ;
; -1.487 ; 1.000        ; 2.487          ; Min Period       ; clk_1hz ; Rise       ; clk                           ;
; -1.487 ; 1.000        ; 2.487          ; Min Period       ; clk_1hz ; Rise       ; count                         ;
; 0.258  ; 0.478        ; 0.220          ; High Pulse Width ; clk_1hz ; Rise       ; clk                           ;
; 0.258  ; 0.478        ; 0.220          ; High Pulse Width ; clk_1hz ; Rise       ; count                         ;
; 0.333  ; 0.521        ; 0.188          ; Low Pulse Width  ; clk_1hz ; Rise       ; clk                           ;
; 0.333  ; 0.521        ; 0.188          ; Low Pulse Width  ; clk_1hz ; Rise       ; count                         ;
; 0.450  ; 0.450        ; 0.000          ; Low Pulse Width  ; clk_1hz ; Rise       ; clk_1hz~input|o               ;
; 0.460  ; 0.460        ; 0.000          ; Low Pulse Width  ; clk_1hz ; Rise       ; clk_1hz~inputclkctrl|inclk[0] ;
; 0.460  ; 0.460        ; 0.000          ; Low Pulse Width  ; clk_1hz ; Rise       ; clk_1hz~inputclkctrl|outclk   ;
; 0.473  ; 0.473        ; 0.000          ; Low Pulse Width  ; clk_1hz ; Rise       ; clk|clk                       ;
; 0.473  ; 0.473        ; 0.000          ; Low Pulse Width  ; clk_1hz ; Rise       ; count|clk                     ;
; 0.500  ; 0.500        ; 0.000          ; High Pulse Width ; clk_1hz ; Rise       ; clk_1hz~input|i               ;
; 0.500  ; 0.500        ; 0.000          ; Low Pulse Width  ; clk_1hz ; Rise       ; clk_1hz~input|i               ;
; 0.527  ; 0.527        ; 0.000          ; High Pulse Width ; clk_1hz ; Rise       ; clk|clk                       ;
; 0.527  ; 0.527        ; 0.000          ; High Pulse Width ; clk_1hz ; Rise       ; count|clk                     ;
; 0.540  ; 0.540        ; 0.000          ; High Pulse Width ; clk_1hz ; Rise       ; clk_1hz~inputclkctrl|inclk[0] ;
; 0.540  ; 0.540        ; 0.000          ; High Pulse Width ; clk_1hz ; Rise       ; clk_1hz~inputclkctrl|outclk   ;
; 0.550  ; 0.550        ; 0.000          ; High Pulse Width ; clk_1hz ; Rise       ; clk_1hz~input|o               ;
+--------+--------------+----------------+------------------+---------+------------+-------------------------------+


+-------------------------------------------------------------------------------------------------------+
; Slow 1200mV 85C Model Minimum Pulse Width: 'clk'                                                      ;
+--------+--------------+----------------+------------------+-------+------------+----------------------+
; Slack  ; Actual Width ; Required Width ; Type             ; Clock ; Clock Edge ; Target               ;
+--------+--------------+----------------+------------------+-------+------------+----------------------+
; -1.487 ; 1.000        ; 2.487          ; Min Period       ; clk   ; Rise       ; Door~reg0            ;
; -1.487 ; 1.000        ; 2.487          ; Min Period       ; clk   ; Rise       ; position[0]~reg0     ;
; -1.487 ; 1.000        ; 2.487          ; Min Period       ; clk   ; Rise       ; position[1]~reg0     ;
; 0.204  ; 0.424        ; 0.220          ; High Pulse Width ; clk   ; Rise       ; Door~reg0            ;
; 0.204  ; 0.424        ; 0.220          ; High Pulse Width ; clk   ; Rise       ; position[0]~reg0     ;
; 0.204  ; 0.424        ; 0.220          ; High Pulse Width ; clk   ; Rise       ; position[1]~reg0     ;
; 0.386  ; 0.574        ; 0.188          ; Low Pulse Width  ; clk   ; Rise       ; Door~reg0            ;
; 0.386  ; 0.574        ; 0.188          ; Low Pulse Width  ; clk   ; Rise       ; position[0]~reg0     ;
; 0.386  ; 0.574        ; 0.188          ; Low Pulse Width  ; clk   ; Rise       ; position[1]~reg0     ;
; 0.473  ; 0.473        ; 0.000          ; High Pulse Width ; clk   ; Rise       ; Door~reg0|clk        ;
; 0.473  ; 0.473        ; 0.000          ; High Pulse Width ; clk   ; Rise       ; position[0]~reg0|clk ;
; 0.473  ; 0.473        ; 0.000          ; High Pulse Width ; clk   ; Rise       ; position[1]~reg0|clk ;
; 0.486  ; 0.486        ; 0.000          ; High Pulse Width ; clk   ; Rise       ; clk~clkctrl|inclk[0] ;
; 0.486  ; 0.486        ; 0.000          ; High Pulse Width ; clk   ; Rise       ; clk~clkctrl|outclk   ;
; 0.500  ; 0.500        ; 0.000          ; High Pulse Width ; clk   ; Rise       ; clk|q                ;
; 0.500  ; 0.500        ; 0.000          ; Low Pulse Width  ; clk   ; Rise       ; clk|q                ;
; 0.513  ; 0.513        ; 0.000          ; Low Pulse Width  ; clk   ; Rise       ; clk~clkctrl|inclk[0] ;
; 0.513  ; 0.513        ; 0.000          ; Low Pulse Width  ; clk   ; Rise       ; clk~clkctrl|outclk   ;
; 0.526  ; 0.526        ; 0.000          ; Low Pulse Width  ; clk   ; Rise       ; Door~reg0|clk        ;
; 0.526  ; 0.526        ; 0.000          ; Low Pulse Width  ; clk   ; Rise       ; position[0]~reg0|clk ;
; 0.526  ; 0.526        ; 0.000          ; Low Pulse Width  ; clk   ; Rise       ; position[1]~reg0|clk ;
+--------+--------------+----------------+------------------+-------+------------+----------------------+


+-----------------------------------------------------------------------+
; Setup Times                                                           ;
+-----------+------------+-------+-------+------------+-----------------+
; Data Port ; Clock Port ; Rise  ; Fall  ; Clock Edge ; Clock Reference ;
+-----------+------------+-------+-------+------------+-----------------+
; DoorClose ; clk        ; 2.033 ; 2.295 ; Rise       ; clk             ;
; head      ; clk        ; 2.278 ; 2.499 ; Rise       ; clk             ;
; rst       ; clk        ; 2.254 ; 2.452 ; Rise       ; clk             ;
; stop      ; clk        ; 2.270 ; 2.500 ; Rise       ; clk             ;
+-----------+------------+-------+-------+------------+-----------------+


+-------------------------------------------------------------------------+
; Hold Times                                                              ;
+-----------+------------+--------+--------+------------+-----------------+
; Data Port ; Clock Port ; Rise   ; Fall   ; Clock Edge ; Clock Reference ;
+-----------+------------+--------+--------+------------+-----------------+
; DoorClose ; clk        ; -1.243 ; -1.490 ; Rise       ; clk             ;
; head      ; clk        ; -1.662 ; -1.862 ; Rise       ; clk             ;
; rst       ; clk        ; -1.613 ; -1.817 ; Rise       ; clk             ;
; stop      ; clk        ; -0.952 ; -1.194 ; Rise       ; clk             ;
+-----------+------------+--------+--------+------------+-----------------+


+--------------------------------------------------------------------------+
; Clock to Output Times                                                    ;
+--------------+------------+-------+-------+------------+-----------------+
; Data Port    ; Clock Port ; Rise  ; Fall  ; Clock Edge ; Clock Reference ;
+--------------+------------+-------+-------+------------+-----------------+
; Door         ; clk        ; 6.458 ; 6.366 ; Rise       ; clk             ;
; position[*]  ; clk        ; 6.477 ; 6.388 ; Rise       ; clk             ;
;  position[0] ; clk        ; 6.467 ; 6.386 ; Rise       ; clk             ;
;  position[1] ; clk        ; 6.477 ; 6.388 ; Rise       ; clk             ;
+--------------+------------+-------+-------+------------+-----------------+


+--------------------------------------------------------------------------+
; Minimum Clock to Output Times                                            ;
+--------------+------------+-------+-------+------------+-----------------+
; Data Port    ; Clock Port ; Rise  ; Fall  ; Clock Edge ; Clock Reference ;
+--------------+------------+-------+-------+------------+-----------------+
; Door         ; clk        ; 6.282 ; 6.193 ; Rise       ; clk             ;
; position[*]  ; clk        ; 6.292 ; 6.213 ; Rise       ; clk             ;
;  position[0] ; clk        ; 6.292 ; 6.213 ; Rise       ; clk             ;
;  position[1] ; clk        ; 6.301 ; 6.214 ; Rise       ; clk             ;
+--------------+------------+-------+-------+------------+-----------------+


----------------------------------------------
; Slow 1200mV 85C Model Metastability Report ;
----------------------------------------------
No synchronizer chains to report.


+-----------------------------------------------------------------------------------------------------------+
; Slow 1200mV 0C Model Fmax Summary                                                                         ;
+------------+-----------------+------------+---------------------------------------------------------------+
; Fmax       ; Restricted Fmax ; Clock Name ; Note                                                          ;
+------------+-----------------+------------+---------------------------------------------------------------+
; 766.28 MHz ; 402.09 MHz      ; clk        ; limit due to minimum period restriction (tmin)                ;
; 778.82 MHz ; 250.0 MHz       ; clk_1hz    ; limit due to minimum period restriction (max I/O toggle rate) ;
+------------+-----------------+------------+---------------------------------------------------------------+
This panel reports FMAX for every clock in the design, regardless of the user-specified clock periods.  FMAX is only computed for paths where the source and destination registers or ports are driven by the same clock.  Paths of different clocks, including generated clocks, are ignored.  For paths between a clock and its inversion, FMAX is computed as if the rising and falling edges are scaled along with FMAX, such that the duty cycle (in terms of a percentage) is maintained. Altera recommends that you always use clock constraints and other slack reports for sign-off analysis.


+------------------------------------+
; Slow 1200mV 0C Model Setup Summary ;
+---------+--------+-----------------+
; Clock   ; Slack  ; End Point TNS   ;
+---------+--------+-----------------+
; clk     ; -0.305 ; -0.305          ;
; clk_1hz ; -0.284 ; -0.284          ;
+---------+--------+-----------------+


+-----------------------------------+
; Slow 1200mV 0C Model Hold Summary ;
+---------+-------+-----------------+
; Clock   ; Slack ; End Point TNS   ;
+---------+-------+-----------------+
; clk_1hz ; 0.104 ; 0.000           ;
; clk     ; 0.397 ; 0.000           ;
+---------+-------+-----------------+


-----------------------------------------
; Slow 1200mV 0C Model Recovery Summary ;
-----------------------------------------
No paths to report.


----------------------------------------
; Slow 1200mV 0C Model Removal Summary ;
----------------------------------------
No paths to report.


+--------------------------------------------------+
; Slow 1200mV 0C Model Minimum Pulse Width Summary ;
+---------+--------+-------------------------------+
; Clock   ; Slack  ; End Point TNS                 ;
+---------+--------+-------------------------------+
; clk_1hz ; -3.000 ; -5.974                        ;
; clk     ; -1.487 ; -4.461                        ;
+---------+--------+-------------------------------+


+--------------------------------------------------------------------------------------------------------------------+
; Slow 1200mV 0C Model Setup: 'clk'                                                                                  ;
+--------+------------------+------------------+--------------+-------------+--------------+------------+------------+
; Slack  ; From Node        ; To Node          ; Launch Clock ; Latch Clock ; Relationship ; Clock Skew ; Data Delay ;
+--------+------------------+------------------+--------------+-------------+--------------+------------+------------+
; -0.305 ; position[0]~reg0 ; position[1]~reg0 ; clk          ; clk         ; 1.000        ; -0.077     ; 1.230      ;
; 0.155  ; position[0]~reg0 ; position[0]~reg0 ; clk          ; clk         ; 1.000        ; -0.077     ; 0.770      ;
; 0.155  ; position[1]~reg0 ; position[1]~reg0 ; clk          ; clk         ; 1.000        ; -0.077     ; 0.770      ;
; 0.180  ; Door~reg0        ; Door~reg0        ; clk          ; clk         ; 1.000        ; -0.077     ; 0.745      ;
+--------+------------------+------------------+--------------+-------------+--------------+------------+------------+


+----------------------------------------------------------------------------------------------------+
; Slow 1200mV 0C Model Setup: 'clk_1hz'                                                              ;
+--------+-----------+---------+--------------+-------------+--------------+------------+------------+
; Slack  ; From Node ; To Node ; Launch Clock ; Latch Clock ; Relationship ; Clock Skew ; Data Delay ;
+--------+-----------+---------+--------------+-------------+--------------+------------+------------+
; -0.284 ; count     ; clk     ; clk_1hz      ; clk_1hz     ; 1.000        ; -0.077     ; 1.209      ;
; 0.155  ; count     ; count   ; clk_1hz      ; clk_1hz     ; 1.000        ; -0.077     ; 0.770      ;
; 0.162  ; clk       ; clk     ; clk          ; clk_1hz     ; 0.500        ; 2.837      ; 3.407      ;
; 0.306  ; clk       ; clk     ; clk          ; clk_1hz     ; 1.000        ; 2.837      ; 3.763      ;
+--------+-----------+---------+--------------+-------------+--------------+------------+------------+


+---------------------------------------------------------------------------------------------------+
; Slow 1200mV 0C Model Hold: 'clk_1hz'                                                              ;
+-------+-----------+---------+--------------+-------------+--------------+------------+------------+
; Slack ; From Node ; To Node ; Launch Clock ; Latch Clock ; Relationship ; Clock Skew ; Data Delay ;
+-------+-----------+---------+--------------+-------------+--------------+------------+------------+
; 0.104 ; clk       ; clk     ; clk          ; clk_1hz     ; 0.000        ; 2.940      ; 3.509      ;
; 0.298 ; clk       ; clk     ; clk          ; clk_1hz     ; -0.500       ; 2.940      ; 3.203      ;
; 0.412 ; count     ; count   ; clk_1hz      ; clk_1hz     ; 0.000        ; 0.077      ; 0.684      ;
; 0.784 ; count     ; clk     ; clk_1hz      ; clk_1hz     ; 0.000        ; 0.077      ; 1.056      ;
+-------+-----------+---------+--------------+-------------+--------------+------------+------------+


+-------------------------------------------------------------------------------------------------------------------+
; Slow 1200mV 0C Model Hold: 'clk'                                                                                  ;
+-------+------------------+------------------+--------------+-------------+--------------+------------+------------+
; Slack ; From Node        ; To Node          ; Launch Clock ; Latch Clock ; Relationship ; Clock Skew ; Data Delay ;
+-------+------------------+------------------+--------------+-------------+--------------+------------+------------+
; 0.397 ; Door~reg0        ; Door~reg0        ; clk          ; clk         ; 0.000        ; 0.077      ; 0.669      ;
; 0.397 ; position[0]~reg0 ; position[0]~reg0 ; clk          ; clk         ; 0.000        ; 0.077      ; 0.669      ;
; 0.397 ; position[1]~reg0 ; position[1]~reg0 ; clk          ; clk         ; 0.000        ; 0.077      ; 0.669      ;
; 0.806 ; position[0]~reg0 ; position[1]~reg0 ; clk          ; clk         ; 0.000        ; 0.077      ; 1.078      ;
+-------+------------------+------------------+--------------+-------------+--------------+------------+------------+


+------------------------------------------------------------------------------------------------------------------+
; Slow 1200mV 0C Model Minimum Pulse Width: 'clk_1hz'                                                              ;
+--------+--------------+----------------+------------------+---------+------------+-------------------------------+
; Slack  ; Actual Width ; Required Width ; Type             ; Clock   ; Clock Edge ; Target                        ;
+--------+--------------+----------------+------------------+---------+------------+-------------------------------+
; -3.000 ; 1.000        ; 4.000          ; Port Rate        ; clk_1hz ; Rise       ; clk_1hz                       ;
; -1.487 ; 1.000        ; 2.487          ; Min Period       ; clk_1hz ; Rise       ; clk                           ;
; -1.487 ; 1.000        ; 2.487          ; Min Period       ; clk_1hz ; Rise       ; count                         ;
; 0.266  ; 0.482        ; 0.216          ; High Pulse Width ; clk_1hz ; Rise       ; clk                           ;
; 0.266  ; 0.482        ; 0.216          ; High Pulse Width ; clk_1hz ; Rise       ; count                         ;
; 0.330  ; 0.514        ; 0.184          ; Low Pulse Width  ; clk_1hz ; Rise       ; clk                           ;
; 0.330  ; 0.514        ; 0.184          ; Low Pulse Width  ; clk_1hz ; Rise       ; count                         ;
; 0.450  ; 0.450        ; 0.000          ; Low Pulse Width  ; clk_1hz ; Rise       ; clk_1hz~input|o               ;
; 0.452  ; 0.452        ; 0.000          ; Low Pulse Width  ; clk_1hz ; Rise       ; clk_1hz~inputclkctrl|inclk[0] ;
; 0.452  ; 0.452        ; 0.000          ; Low Pulse Width  ; clk_1hz ; Rise       ; clk_1hz~inputclkctrl|outclk   ;
; 0.463  ; 0.463        ; 0.000          ; Low Pulse Width  ; clk_1hz ; Rise       ; clk|clk                       ;
; 0.463  ; 0.463        ; 0.000          ; Low Pulse Width  ; clk_1hz ; Rise       ; count|clk                     ;
; 0.500  ; 0.500        ; 0.000          ; High Pulse Width ; clk_1hz ; Rise       ; clk_1hz~input|i               ;
; 0.500  ; 0.500        ; 0.000          ; Low Pulse Width  ; clk_1hz ; Rise       ; clk_1hz~input|i               ;
; 0.536  ; 0.536        ; 0.000          ; High Pulse Width ; clk_1hz ; Rise       ; clk|clk                       ;
; 0.536  ; 0.536        ; 0.000          ; High Pulse Width ; clk_1hz ; Rise       ; count|clk                     ;
; 0.547  ; 0.547        ; 0.000          ; High Pulse Width ; clk_1hz ; Rise       ; clk_1hz~inputclkctrl|inclk[0] ;
; 0.547  ; 0.547        ; 0.000          ; High Pulse Width ; clk_1hz ; Rise       ; clk_1hz~inputclkctrl|outclk   ;
; 0.550  ; 0.550        ; 0.000          ; High Pulse Width ; clk_1hz ; Rise       ; clk_1hz~input|o               ;
+--------+--------------+----------------+------------------+---------+------------+-------------------------------+


+-------------------------------------------------------------------------------------------------------+
; Slow 1200mV 0C Model Minimum Pulse Width: 'clk'                                                       ;
+--------+--------------+----------------+------------------+-------+------------+----------------------+
; Slack  ; Actual Width ; Required Width ; Type             ; Clock ; Clock Edge ; Target               ;
+--------+--------------+----------------+------------------+-------+------------+----------------------+
; -1.487 ; 1.000        ; 2.487          ; Min Period       ; clk   ; Rise       ; Door~reg0            ;
; -1.487 ; 1.000        ; 2.487          ; Min Period       ; clk   ; Rise       ; position[0]~reg0     ;
; -1.487 ; 1.000        ; 2.487          ; Min Period       ; clk   ; Rise       ; position[1]~reg0     ;
; 0.164  ; 0.380        ; 0.216          ; High Pulse Width ; clk   ; Rise       ; Door~reg0            ;
; 0.164  ; 0.380        ; 0.216          ; High Pulse Width ; clk   ; Rise       ; position[0]~reg0     ;
; 0.164  ; 0.380        ; 0.216          ; High Pulse Width ; clk   ; Rise       ; position[1]~reg0     ;
; 0.430  ; 0.614        ; 0.184          ; Low Pulse Width  ; clk   ; Rise       ; Door~reg0            ;
; 0.430  ; 0.614        ; 0.184          ; Low Pulse Width  ; clk   ; Rise       ; position[0]~reg0     ;
; 0.430  ; 0.614        ; 0.184          ; Low Pulse Width  ; clk   ; Rise       ; position[1]~reg0     ;
; 0.434  ; 0.434        ; 0.000          ; High Pulse Width ; clk   ; Rise       ; Door~reg0|clk        ;
; 0.434  ; 0.434        ; 0.000          ; High Pulse Width ; clk   ; Rise       ; position[0]~reg0|clk ;
; 0.434  ; 0.434        ; 0.000          ; High Pulse Width ; clk   ; Rise       ; position[1]~reg0|clk ;
; 0.446  ; 0.446        ; 0.000          ; High Pulse Width ; clk   ; Rise       ; clk~clkctrl|inclk[0] ;
; 0.446  ; 0.446        ; 0.000          ; High Pulse Width ; clk   ; Rise       ; clk~clkctrl|outclk   ;
; 0.500  ; 0.500        ; 0.000          ; High Pulse Width ; clk   ; Rise       ; clk|q                ;
; 0.500  ; 0.500        ; 0.000          ; Low Pulse Width  ; clk   ; Rise       ; clk|q                ;
; 0.551  ; 0.551        ; 0.000          ; Low Pulse Width  ; clk   ; Rise       ; clk~clkctrl|inclk[0] ;
; 0.551  ; 0.551        ; 0.000          ; Low Pulse Width  ; clk   ; Rise       ; clk~clkctrl|outclk   ;
; 0.563  ; 0.563        ; 0.000          ; Low Pulse Width  ; clk   ; Rise       ; Door~reg0|clk        ;
; 0.563  ; 0.563        ; 0.000          ; Low Pulse Width  ; clk   ; Rise       ; position[0]~reg0|clk ;
; 0.563  ; 0.563        ; 0.000          ; Low Pulse Width  ; clk   ; Rise       ; position[1]~reg0|clk ;
+--------+--------------+----------------+------------------+-------+------------+----------------------+


+-----------------------------------------------------------------------+
; Setup Times                                                           ;
+-----------+------------+-------+-------+------------+-----------------+
; Data Port ; Clock Port ; Rise  ; Fall  ; Clock Edge ; Clock Reference ;
+-----------+------------+-------+-------+------------+-----------------+
; DoorClose ; clk        ; 1.834 ; 1.975 ; Rise       ; clk             ;
; head      ; clk        ; 2.057 ; 2.165 ; Rise       ; clk             ;
; rst       ; clk        ; 2.043 ; 2.099 ; Rise       ; clk             ;
; stop      ; clk        ; 2.050 ; 2.165 ; Rise       ; clk             ;
+-----------+------------+-------+-------+------------+-----------------+


+-------------------------------------------------------------------------+
; Hold Times                                                              ;
+-----------+------------+--------+--------+------------+-----------------+
; Data Port ; Clock Port ; Rise   ; Fall   ; Clock Edge ; Clock Reference ;
+-----------+------------+--------+--------+------------+-----------------+
; DoorClose ; clk        ; -1.105 ; -1.242 ; Rise       ; clk             ;
; head      ; clk        ; -1.507 ; -1.572 ; Rise       ; clk             ;
; rst       ; clk        ; -1.471 ; -1.530 ; Rise       ; clk             ;
; stop      ; clk        ; -0.827 ; -0.973 ; Rise       ; clk             ;
+-----------+------------+--------+--------+------------+-----------------+


+--------------------------------------------------------------------------+
; Clock to Output Times                                                    ;
+--------------+------------+-------+-------+------------+-----------------+
; Data Port    ; Clock Port ; Rise  ; Fall  ; Clock Edge ; Clock Reference ;
+--------------+------------+-------+-------+------------+-----------------+
; Door         ; clk        ; 6.150 ; 6.000 ; Rise       ; clk             ;
; position[*]  ; clk        ; 6.168 ; 6.021 ; Rise       ; clk             ;
;  position[0] ; clk        ; 6.154 ; 6.021 ; Rise       ; clk             ;
;  position[1] ; clk        ; 6.168 ; 6.021 ; Rise       ; clk             ;
+--------------+------------+-------+-------+------------+-----------------+


+--------------------------------------------------------------------------+
; Minimum Clock to Output Times                                            ;
+--------------+------------+-------+-------+------------+-----------------+
; Data Port    ; Clock Port ; Rise  ; Fall  ; Clock Edge ; Clock Reference ;
+--------------+------------+-------+-------+------------+-----------------+
; Door         ; clk        ; 5.986 ; 5.841 ; Rise       ; clk             ;
; position[*]  ; clk        ; 5.992 ; 5.861 ; Rise       ; clk             ;
;  position[0] ; clk        ; 5.992 ; 5.862 ; Rise       ; clk             ;
;  position[1] ; clk        ; 6.004 ; 5.861 ; Rise       ; clk             ;
+--------------+------------+-------+-------+------------+-----------------+


---------------------------------------------
; Slow 1200mV 0C Model Metastability Report ;
---------------------------------------------
No synchronizer chains to report.


+------------------------------------+
; Fast 1200mV 0C Model Setup Summary ;
+---------+-------+------------------+
; Clock   ; Slack ; End Point TNS    ;
+---------+-------+------------------+
; clk_1hz ; 0.225 ; 0.000            ;
; clk     ; 0.392 ; 0.000            ;
+---------+-------+------------------+


+-----------------------------------+
; Fast 1200mV 0C Model Hold Summary ;
+---------+--------+----------------+
; Clock   ; Slack  ; End Point TNS  ;
+---------+--------+----------------+
; clk_1hz ; -0.181 ; -0.181         ;
; clk     ; 0.183  ; 0.000          ;
+---------+--------+----------------+


-----------------------------------------
; Fast 1200mV 0C Model Recovery Summary ;
-----------------------------------------
No paths to report.


----------------------------------------
; Fast 1200mV 0C Model Removal Summary ;
----------------------------------------
No paths to report.


+--------------------------------------------------+
; Fast 1200mV 0C Model Minimum Pulse Width Summary ;
+---------+--------+-------------------------------+
; Clock   ; Slack  ; End Point TNS                 ;
+---------+--------+-------------------------------+
; clk_1hz ; -3.000 ; -5.118                        ;
; clk     ; -1.000 ; -3.000                        ;
+---------+--------+-------------------------------+


+---------------------------------------------------------------------------------------------------+
; Fast 1200mV 0C Model Setup: 'clk_1hz'                                                             ;
+-------+-----------+---------+--------------+-------------+--------------+------------+------------+
; Slack ; From Node ; To Node ; Launch Clock ; Latch Clock ; Relationship ; Clock Skew ; Data Delay ;
+-------+-----------+---------+--------------+-------------+--------------+------------+------------+
; 0.225 ; clk       ; clk     ; clk          ; clk_1hz     ; 0.500        ; 1.432      ; 1.789      ;
; 0.403 ; count     ; clk     ; clk_1hz      ; clk_1hz     ; 1.000        ; -0.040     ; 0.544      ;
; 0.588 ; count     ; count   ; clk_1hz      ; clk_1hz     ; 1.000        ; -0.040     ; 0.359      ;
; 0.901 ; clk       ; clk     ; clk          ; clk_1hz     ; 1.000        ; 1.432      ; 1.613      ;
+-------+-----------+---------+--------------+-------------+--------------+------------+------------+


+-------------------------------------------------------------------------------------------------------------------+
; Fast 1200mV 0C Model Setup: 'clk'                                                                                 ;
+-------+------------------+------------------+--------------+-------------+--------------+------------+------------+
; Slack ; From Node        ; To Node          ; Launch Clock ; Latch Clock ; Relationship ; Clock Skew ; Data Delay ;
+-------+------------------+------------------+--------------+-------------+--------------+------------+------------+
; 0.392 ; position[0]~reg0 ; position[1]~reg0 ; clk          ; clk         ; 1.000        ; -0.040     ; 0.555      ;
; 0.588 ; position[0]~reg0 ; position[0]~reg0 ; clk          ; clk         ; 1.000        ; -0.040     ; 0.359      ;
; 0.588 ; position[1]~reg0 ; position[1]~reg0 ; clk          ; clk         ; 1.000        ; -0.040     ; 0.359      ;
; 0.597 ; Door~reg0        ; Door~reg0        ; clk          ; clk         ; 1.000        ; -0.040     ; 0.350      ;
+-------+------------------+------------------+--------------+-------------+--------------+------------+------------+


+----------------------------------------------------------------------------------------------------+
; Fast 1200mV 0C Model Hold: 'clk_1hz'                                                               ;
+--------+-----------+---------+--------------+-------------+--------------+------------+------------+
; Slack  ; From Node ; To Node ; Launch Clock ; Latch Clock ; Relationship ; Clock Skew ; Data Delay ;
+--------+-----------+---------+--------------+-------------+--------------+------------+------------+
; -0.181 ; clk       ; clk     ; clk          ; clk_1hz     ; 0.000        ; 1.488      ; 1.526      ;
; 0.190  ; count     ; count   ; clk_1hz      ; clk_1hz     ; 0.000        ; 0.040      ; 0.314      ;
; 0.344  ; count     ; clk     ; clk_1hz      ; clk_1hz     ; 0.000        ; 0.040      ; 0.468      ;
; 0.455  ; clk       ; clk     ; clk          ; clk_1hz     ; -0.500       ; 1.488      ; 1.662      ;
+--------+-----------+---------+--------------+-------------+--------------+------------+------------+


+-------------------------------------------------------------------------------------------------------------------+
; Fast 1200mV 0C Model Hold: 'clk'                                                                                  ;
+-------+------------------+------------------+--------------+-------------+--------------+------------+------------+
; Slack ; From Node        ; To Node          ; Launch Clock ; Latch Clock ; Relationship ; Clock Skew ; Data Delay ;
+-------+------------------+------------------+--------------+-------------+--------------+------------+------------+
; 0.183 ; Door~reg0        ; Door~reg0        ; clk          ; clk         ; 0.000        ; 0.040      ; 0.307      ;
; 0.183 ; position[0]~reg0 ; position[0]~reg0 ; clk          ; clk         ; 0.000        ; 0.040      ; 0.307      ;
; 0.183 ; position[1]~reg0 ; position[1]~reg0 ; clk          ; clk         ; 0.000        ; 0.040      ; 0.307      ;
; 0.354 ; position[0]~reg0 ; position[1]~reg0 ; clk          ; clk         ; 0.000        ; 0.040      ; 0.478      ;
+-------+------------------+------------------+--------------+-------------+--------------+------------+------------+


+------------------------------------------------------------------------------------------------------------------+
; Fast 1200mV 0C Model Minimum Pulse Width: 'clk_1hz'                                                              ;
+--------+--------------+----------------+------------------+---------+------------+-------------------------------+
; Slack  ; Actual Width ; Required Width ; Type             ; Clock   ; Clock Edge ; Target                        ;
+--------+--------------+----------------+------------------+---------+------------+-------------------------------+
; -3.000 ; 1.000        ; 4.000          ; Port Rate        ; clk_1hz ; Rise       ; clk_1hz                       ;
; -1.000 ; 1.000        ; 2.000          ; Min Period       ; clk_1hz ; Rise       ; clk                           ;
; -1.000 ; 1.000        ; 2.000          ; Min Period       ; clk_1hz ; Rise       ; count                         ;
; -0.059 ; 0.125        ; 0.184          ; Low Pulse Width  ; clk_1hz ; Rise       ; clk                           ;
; -0.059 ; 0.125        ; 0.184          ; Low Pulse Width  ; clk_1hz ; Rise       ; count                         ;
; 0.117  ; 0.117        ; 0.000          ; Low Pulse Width  ; clk_1hz ; Rise       ; clk_1hz~input|o               ;
; 0.120  ; 0.120        ; 0.000          ; Low Pulse Width  ; clk_1hz ; Rise       ; clk|clk                       ;
; 0.120  ; 0.120        ; 0.000          ; Low Pulse Width  ; clk_1hz ; Rise       ; count|clk                     ;
; 0.129  ; 0.129        ; 0.000          ; Low Pulse Width  ; clk_1hz ; Rise       ; clk_1hz~inputclkctrl|inclk[0] ;
; 0.129  ; 0.129        ; 0.000          ; Low Pulse Width  ; clk_1hz ; Rise       ; clk_1hz~inputclkctrl|outclk   ;
; 0.500  ; 0.500        ; 0.000          ; High Pulse Width ; clk_1hz ; Rise       ; clk_1hz~input|i               ;
; 0.500  ; 0.500        ; 0.000          ; Low Pulse Width  ; clk_1hz ; Rise       ; clk_1hz~input|i               ;
; 0.658  ; 0.874        ; 0.216          ; High Pulse Width ; clk_1hz ; Rise       ; clk                           ;
; 0.658  ; 0.874        ; 0.216          ; High Pulse Width ; clk_1hz ; Rise       ; count                         ;
; 0.870  ; 0.870        ; 0.000          ; High Pulse Width ; clk_1hz ; Rise       ; clk_1hz~inputclkctrl|inclk[0] ;
; 0.870  ; 0.870        ; 0.000          ; High Pulse Width ; clk_1hz ; Rise       ; clk_1hz~inputclkctrl|outclk   ;
; 0.879  ; 0.879        ; 0.000          ; High Pulse Width ; clk_1hz ; Rise       ; clk|clk                       ;
; 0.879  ; 0.879        ; 0.000          ; High Pulse Width ; clk_1hz ; Rise       ; count|clk                     ;
; 0.883  ; 0.883        ; 0.000          ; High Pulse Width ; clk_1hz ; Rise       ; clk_1hz~input|o               ;
+--------+--------------+----------------+------------------+---------+------------+-------------------------------+


+-------------------------------------------------------------------------------------------------------+
; Fast 1200mV 0C Model Minimum Pulse Width: 'clk'                                                       ;
+--------+--------------+----------------+------------------+-------+------------+----------------------+
; Slack  ; Actual Width ; Required Width ; Type             ; Clock ; Clock Edge ; Target               ;
+--------+--------------+----------------+------------------+-------+------------+----------------------+
; -1.000 ; 1.000        ; 2.000          ; Min Period       ; clk   ; Rise       ; Door~reg0            ;
; -1.000 ; 1.000        ; 2.000          ; Min Period       ; clk   ; Rise       ; position[0]~reg0     ;
; -1.000 ; 1.000        ; 2.000          ; Min Period       ; clk   ; Rise       ; position[1]~reg0     ;
; 0.275  ; 0.459        ; 0.184          ; Low Pulse Width  ; clk   ; Rise       ; Door~reg0            ;
; 0.275  ; 0.459        ; 0.184          ; Low Pulse Width  ; clk   ; Rise       ; position[0]~reg0     ;
; 0.275  ; 0.459        ; 0.184          ; Low Pulse Width  ; clk   ; Rise       ; position[1]~reg0     ;
; 0.321  ; 0.537        ; 0.216          ; High Pulse Width ; clk   ; Rise       ; Door~reg0            ;
; 0.321  ; 0.537        ; 0.216          ; High Pulse Width ; clk   ; Rise       ; position[0]~reg0     ;
; 0.321  ; 0.537        ; 0.216          ; High Pulse Width ; clk   ; Rise       ; position[1]~reg0     ;
; 0.455  ; 0.455        ; 0.000          ; Low Pulse Width  ; clk   ; Rise       ; Door~reg0|clk        ;
; 0.455  ; 0.455        ; 0.000          ; Low Pulse Width  ; clk   ; Rise       ; position[0]~reg0|clk ;
; 0.455  ; 0.455        ; 0.000          ; Low Pulse Width  ; clk   ; Rise       ; position[1]~reg0|clk ;
; 0.463  ; 0.463        ; 0.000          ; Low Pulse Width  ; clk   ; Rise       ; clk~clkctrl|inclk[0] ;
; 0.463  ; 0.463        ; 0.000          ; Low Pulse Width  ; clk   ; Rise       ; clk~clkctrl|outclk   ;
; 0.500  ; 0.500        ; 0.000          ; High Pulse Width ; clk   ; Rise       ; clk|q                ;
; 0.500  ; 0.500        ; 0.000          ; Low Pulse Width  ; clk   ; Rise       ; clk|q                ;
; 0.535  ; 0.535        ; 0.000          ; High Pulse Width ; clk   ; Rise       ; clk~clkctrl|inclk[0] ;
; 0.535  ; 0.535        ; 0.000          ; High Pulse Width ; clk   ; Rise       ; clk~clkctrl|outclk   ;
; 0.543  ; 0.543        ; 0.000          ; High Pulse Width ; clk   ; Rise       ; Door~reg0|clk        ;
; 0.543  ; 0.543        ; 0.000          ; High Pulse Width ; clk   ; Rise       ; position[0]~reg0|clk ;
; 0.543  ; 0.543        ; 0.000          ; High Pulse Width ; clk   ; Rise       ; position[1]~reg0|clk ;
+--------+--------------+----------------+------------------+-------+------------+----------------------+


+-----------------------------------------------------------------------+
; Setup Times                                                           ;
+-----------+------------+-------+-------+------------+-----------------+
; Data Port ; Clock Port ; Rise  ; Fall  ; Clock Edge ; Clock Reference ;
+-----------+------------+-------+-------+------------+-----------------+
; DoorClose ; clk        ; 0.936 ; 1.517 ; Rise       ; clk             ;
; head      ; clk        ; 1.044 ; 1.609 ; Rise       ; clk             ;
; rst       ; clk        ; 1.028 ; 1.623 ; Rise       ; clk             ;
; stop      ; clk        ; 1.036 ; 1.605 ; Rise       ; clk             ;
+-----------+------------+-------+-------+------------+-----------------+


+-------------------------------------------------------------------------+
; Hold Times                                                              ;
+-----------+------------+--------+--------+------------+-----------------+
; Data Port ; Clock Port ; Rise   ; Fall   ; Clock Edge ; Clock Reference ;
+-----------+------------+--------+--------+------------+-----------------+
; DoorClose ; clk        ; -0.608 ; -1.174 ; Rise       ; clk             ;
; head      ; clk        ; -0.766 ; -1.341 ; Rise       ; clk             ;
; rst       ; clk        ; -0.744 ; -1.337 ; Rise       ; clk             ;
; stop      ; clk        ; -0.490 ; -1.050 ; Rise       ; clk             ;
+-----------+------------+--------+--------+------------+-----------------+


+--------------------------------------------------------------------------+
; Clock to Output Times                                                    ;
+--------------+------------+-------+-------+------------+-----------------+
; Data Port    ; Clock Port ; Rise  ; Fall  ; Clock Edge ; Clock Reference ;
+--------------+------------+-------+-------+------------+-----------------+
; Door         ; clk        ; 3.036 ; 3.086 ; Rise       ; clk             ;
; position[*]  ; clk        ; 3.058 ; 3.107 ; Rise       ; clk             ;
;  position[0] ; clk        ; 3.058 ; 3.107 ; Rise       ; clk             ;
;  position[1] ; clk        ; 3.051 ; 3.102 ; Rise       ; clk             ;
+--------------+------------+-------+-------+------------+-----------------+


+--------------------------------------------------------------------------+
; Minimum Clock to Output Times                                            ;
+--------------+------------+-------+-------+------------+-----------------+
; Data Port    ; Clock Port ; Rise  ; Fall  ; Clock Edge ; Clock Reference ;
+--------------+------------+-------+-------+------------+-----------------+
; Door         ; clk        ; 2.958 ; 3.006 ; Rise       ; clk             ;
; position[*]  ; clk        ; 2.972 ; 3.022 ; Rise       ; clk             ;
;  position[0] ; clk        ; 2.979 ; 3.027 ; Rise       ; clk             ;
;  position[1] ; clk        ; 2.972 ; 3.022 ; Rise       ; clk             ;
+--------------+------------+-------+-------+------------+-----------------+


---------------------------------------------
; Fast 1200mV 0C Model Metastability Report ;
---------------------------------------------
No synchronizer chains to report.


+-------------------------------------------------------------------------------+
; Multicorner Timing Analysis Summary                                           ;
+------------------+--------+--------+----------+---------+---------------------+
; Clock            ; Setup  ; Hold   ; Recovery ; Removal ; Minimum Pulse Width ;
+------------------+--------+--------+----------+---------+---------------------+
; Worst-case Slack ; -0.420 ; -0.181 ; N/A      ; N/A     ; -3.000              ;
;  clk             ; -0.420 ; 0.183  ; N/A      ; N/A     ; -1.487              ;
;  clk_1hz         ; -0.394 ; -0.181 ; N/A      ; N/A     ; -3.000              ;
; Design-wide TNS  ; -0.814 ; -0.181 ; 0.0      ; 0.0     ; -10.435             ;
;  clk             ; -0.420 ; 0.000  ; N/A      ; N/A     ; -4.461              ;
;  clk_1hz         ; -0.394 ; -0.181 ; N/A      ; N/A     ; -5.974              ;
+------------------+--------+--------+----------+---------+---------------------+


+-----------------------------------------------------------------------+
; Setup Times                                                           ;
+-----------+------------+-------+-------+------------+-----------------+
; Data Port ; Clock Port ; Rise  ; Fall  ; Clock Edge ; Clock Reference ;
+-----------+------------+-------+-------+------------+-----------------+
; DoorClose ; clk        ; 2.033 ; 2.295 ; Rise       ; clk             ;
; head      ; clk        ; 2.278 ; 2.499 ; Rise       ; clk             ;
; rst       ; clk        ; 2.254 ; 2.452 ; Rise       ; clk             ;
; stop      ; clk        ; 2.270 ; 2.500 ; Rise       ; clk             ;
+-----------+------------+-------+-------+------------+-----------------+


+-------------------------------------------------------------------------+
; Hold Times                                                              ;
+-----------+------------+--------+--------+------------+-----------------+
; Data Port ; Clock Port ; Rise   ; Fall   ; Clock Edge ; Clock Reference ;
+-----------+------------+--------+--------+------------+-----------------+
; DoorClose ; clk        ; -0.608 ; -1.174 ; Rise       ; clk             ;
; head      ; clk        ; -0.766 ; -1.341 ; Rise       ; clk             ;
; rst       ; clk        ; -0.744 ; -1.337 ; Rise       ; clk             ;
; stop      ; clk        ; -0.490 ; -0.973 ; Rise       ; clk             ;
+-----------+------------+--------+--------+------------+-----------------+


+--------------------------------------------------------------------------+
; Clock to Output Times                                                    ;
+--------------+------------+-------+-------+------------+-----------------+
; Data Port    ; Clock Port ; Rise  ; Fall  ; Clock Edge ; Clock Reference ;
+--------------+------------+-------+-------+------------+-----------------+
; Door         ; clk        ; 6.458 ; 6.366 ; Rise       ; clk             ;
; position[*]  ; clk        ; 6.477 ; 6.388 ; Rise       ; clk             ;
;  position[0] ; clk        ; 6.467 ; 6.386 ; Rise       ; clk             ;
;  position[1] ; clk        ; 6.477 ; 6.388 ; Rise       ; clk             ;
+--------------+------------+-------+-------+------------+-----------------+


+--------------------------------------------------------------------------+
; Minimum Clock to Output Times                                            ;
+--------------+------------+-------+-------+------------+-----------------+
; Data Port    ; Clock Port ; Rise  ; Fall  ; Clock Edge ; Clock Reference ;
+--------------+------------+-------+-------+------------+-----------------+
; Door         ; clk        ; 2.958 ; 3.006 ; Rise       ; clk             ;
; position[*]  ; clk        ; 2.972 ; 3.022 ; Rise       ; clk             ;
;  position[0] ; clk        ; 2.979 ; 3.027 ; Rise       ; clk             ;
;  position[1] ; clk        ; 2.972 ; 3.022 ; Rise       ; clk             ;
+--------------+------------+-------+-------+------------+-----------------+


+------------------------------------------------------------------------------------------------------------------------------------------------------------------------------------------------------------------------------------------------------------------------------------------------------------------------------------------------------------------------------------------------------------------+
; Board Trace Model Assignments                                                                                                                                                                                                                                                                                                                                                                                    ;
+---------------+--------------+-------------------+-------------------------+-------------------------+---------------+---------------------+----------------+------------------+--------+------------------+------------------------+------------------------+--------------+---------------+-----------------+-------+---------------------+--------------------+---------------+-----------------+-------------+
; Pin           ; I/O Standard ; Near Tline Length ; Near Tline L per Length ; Near Tline C per Length ; Near Series R ; Near Differential R ; Near Pull-up R ; Near Pull-down R ; Near C ; Far Tline Length ; Far Tline L per Length ; Far Tline C per Length ; Far Series R ; Far Pull-up R ; Far Pull-down R ; Far C ; Termination Voltage ; Far Differential R ; EBD File Name ; EBD Signal Name ; EBD Far-end ;
+---------------+--------------+-------------------+-------------------------+-------------------------+---------------+---------------------+----------------+------------------+--------+------------------+------------------------+------------------------+--------------+---------------+-----------------+-------+---------------------+--------------------+---------------+-----------------+-------------+
; Door          ; 2.5 V        ; 0 in              ; 0 H/in                  ; 0 F/in                  ; short         ; -                   ; open           ; open             ; open   ; 0 in             ; 0 H/in                 ; 0 F/in                 ; short        ; open          ; open            ; open  ; 0 V                 ; -                  ; n/a           ; n/a             ; n/a         ;
; position[0]   ; 2.5 V        ; 0 in              ; 0 H/in                  ; 0 F/in                  ; short         ; -                   ; open           ; open             ; open   ; 0 in             ; 0 H/in                 ; 0 F/in                 ; short        ; open          ; open            ; open  ; 0 V                 ; -                  ; n/a           ; n/a             ; n/a         ;
; position[1]   ; 2.5 V        ; 0 in              ; 0 H/in                  ; 0 F/in                  ; short         ; -                   ; open           ; open             ; open   ; 0 in             ; 0 H/in                 ; 0 F/in                 ; short        ; open          ; open            ; open  ; 0 V                 ; -                  ; n/a           ; n/a             ; n/a         ;
; ~ALTERA_DCLK~ ; 2.5 V        ; 0 in              ; 0 H/in                  ; 0 F/in                  ; short         ; -                   ; open           ; open             ; open   ; 0 in             ; 0 H/in                 ; 0 F/in                 ; short        ; open          ; open            ; open  ; 0 V                 ; -                  ; n/a           ; n/a             ; n/a         ;
; ~ALTERA_nCEO~ ; 2.5 V        ; 0 in              ; 0 H/in                  ; 0 F/in                  ; short         ; -                   ; open           ; open             ; open   ; 0 in             ; 0 H/in                 ; 0 F/in                 ; short        ; open          ; open            ; open  ; 0 V                 ; -                  ; n/a           ; n/a             ; n/a         ;
+---------------+--------------+-------------------+-------------------------+-------------------------+---------------+---------------------+----------------+------------------+--------+------------------+------------------------+------------------------+--------------+---------------+-----------------+-------+---------------------+--------------------+---------------+-----------------+-------------+


+----------------------------------------------------------------------------+
; Input Transition Times                                                     ;
+-------------------------+--------------+-----------------+-----------------+
; Pin                     ; I/O Standard ; 10-90 Rise Time ; 90-10 Fall Time ;
+-------------------------+--------------+-----------------+-----------------+
; stop                    ; 2.5 V        ; 2000 ps         ; 2000 ps         ;
; DoorClose               ; 2.5 V        ; 2000 ps         ; 2000 ps         ;
; rst                     ; 2.5 V        ; 2000 ps         ; 2000 ps         ;
; head                    ; 2.5 V        ; 2000 ps         ; 2000 ps         ;
; clk_1hz                 ; 2.5 V        ; 2000 ps         ; 2000 ps         ;
; ~ALTERA_ASDO_DATA1~     ; 2.5 V        ; 2000 ps         ; 2000 ps         ;
; ~ALTERA_FLASH_nCE_nCSO~ ; 2.5 V        ; 2000 ps         ; 2000 ps         ;
; ~ALTERA_DATA0~          ; 2.5 V        ; 2000 ps         ; 2000 ps         ;
+-------------------------+--------------+-----------------+-----------------+


+--------------------------------------------------------------------------------------------------------------------------------------------------------------------------------------------------------------------------------------------------------------------------------------------------------------------------------------------------------------------------------------------------------------------------------------------------------------------------------------------------------------------------------------------------------------------------------------------------------------------------------------------------------------------------------------------+
; Slow Corner Signal Integrity Metrics                                                                                                                                                                                                                                                                                                                                                                                                                                                                                                                                                                                                                                                       ;
+---------------+--------------+---------------------+---------------------+------------------------------+------------------------------+---------------------+---------------------+--------------------------------------+--------------------------------------+-----------------------------+-----------------------------+----------------------------+----------------------------+-----------------------------+-----------------------------+--------------------+--------------------+-------------------------------------+-------------------------------------+----------------------------+----------------------------+---------------------------+---------------------------+
; Pin           ; I/O Standard ; Board Delay on Rise ; Board Delay on Fall ; Steady State Voh at FPGA Pin ; Steady State Vol at FPGA Pin ; Voh Max at FPGA Pin ; Vol Min at FPGA Pin ; Ringback Voltage on Rise at FPGA Pin ; Ringback Voltage on Fall at FPGA Pin ; 10-90 Rise Time at FPGA Pin ; 90-10 Fall Time at FPGA Pin ; Monotonic Rise at FPGA Pin ; Monotonic Fall at FPGA Pin ; Steady State Voh at Far-end ; Steady State Vol at Far-end ; Voh Max at Far-end ; Vol Min at Far-end ; Ringback Voltage on Rise at Far-end ; Ringback Voltage on Fall at Far-end ; 10-90 Rise Time at Far-end ; 90-10 Fall Time at Far-end ; Monotonic Rise at Far-end ; Monotonic Fall at Far-end ;
+---------------+--------------+---------------------+---------------------+------------------------------+------------------------------+---------------------+---------------------+--------------------------------------+--------------------------------------+-----------------------------+-----------------------------+----------------------------+----------------------------+-----------------------------+-----------------------------+--------------------+--------------------+-------------------------------------+-------------------------------------+----------------------------+----------------------------+---------------------------+---------------------------+
; Door          ; 2.5 V        ; 0 s                 ; 0 s                 ; 2.32 V                       ; 2.84e-07 V                   ; 2.35 V              ; -0.0105 V           ; 0.143 V                              ; 0.041 V                              ; 4.81e-10 s                  ; 4.81e-10 s                  ; Yes                        ; Yes                        ; 2.32 V                      ; 2.84e-07 V                  ; 2.35 V             ; -0.0105 V          ; 0.143 V                             ; 0.041 V                             ; 4.81e-10 s                 ; 4.81e-10 s                 ; Yes                       ; Yes                       ;
; position[0]   ; 2.5 V        ; 0 s                 ; 0 s                 ; 2.32 V                       ; 2.84e-07 V                   ; 2.35 V              ; -0.0105 V           ; 0.143 V                              ; 0.041 V                              ; 4.81e-10 s                  ; 4.81e-10 s                  ; Yes                        ; Yes                        ; 2.32 V                      ; 2.84e-07 V                  ; 2.35 V             ; -0.0105 V          ; 0.143 V                             ; 0.041 V                             ; 4.81e-10 s                 ; 4.81e-10 s                 ; Yes                       ; Yes                       ;
; position[1]   ; 2.5 V        ; 0 s                 ; 0 s                 ; 2.32 V                       ; 2.84e-07 V                   ; 2.35 V              ; -0.0105 V           ; 0.143 V                              ; 0.041 V                              ; 4.81e-10 s                  ; 4.81e-10 s                  ; Yes                        ; Yes                        ; 2.32 V                      ; 2.84e-07 V                  ; 2.35 V             ; -0.0105 V          ; 0.143 V                             ; 0.041 V                             ; 4.81e-10 s                 ; 4.81e-10 s                 ; Yes                       ; Yes                       ;
; ~ALTERA_DCLK~ ; 2.5 V        ; 0 s                 ; 0 s                 ; 2.32 V                       ; 1.53e-07 V                   ; 2.35 V              ; -0.00333 V          ; 0.096 V                              ; 0.006 V                              ; 4.5e-10 s                   ; 3.85e-10 s                  ; Yes                        ; Yes                        ; 2.32 V                      ; 1.53e-07 V                  ; 2.35 V             ; -0.00333 V         ; 0.096 V                             ; 0.006 V                             ; 4.5e-10 s                  ; 3.85e-10 s                 ; Yes                       ; Yes                       ;
; ~ALTERA_nCEO~ ; 2.5 V        ; 0 s                 ; 0 s                 ; 2.32 V                       ; 2.51e-07 V                   ; 2.34 V              ; -0.00699 V          ; 0.108 V                              ; 0.027 V                              ; 6.58e-10 s                  ; 8.2e-10 s                   ; Yes                        ; Yes                        ; 2.32 V                      ; 2.51e-07 V                  ; 2.34 V             ; -0.00699 V         ; 0.108 V                             ; 0.027 V                             ; 6.58e-10 s                 ; 8.2e-10 s                  ; Yes                       ; Yes                       ;
+---------------+--------------+---------------------+---------------------+------------------------------+------------------------------+---------------------+---------------------+--------------------------------------+--------------------------------------+-----------------------------+-----------------------------+----------------------------+----------------------------+-----------------------------+-----------------------------+--------------------+--------------------+-------------------------------------+-------------------------------------+----------------------------+----------------------------+---------------------------+---------------------------+


+--------------------------------------------------------------------------------------------------------------------------------------------------------------------------------------------------------------------------------------------------------------------------------------------------------------------------------------------------------------------------------------------------------------------------------------------------------------------------------------------------------------------------------------------------------------------------------------------------------------------------------------------------------------------------------------------+
; Fast Corner Signal Integrity Metrics                                                                                                                                                                                                                                                                                                                                                                                                                                                                                                                                                                                                                                                       ;
+---------------+--------------+---------------------+---------------------+------------------------------+------------------------------+---------------------+---------------------+--------------------------------------+--------------------------------------+-----------------------------+-----------------------------+----------------------------+----------------------------+-----------------------------+-----------------------------+--------------------+--------------------+-------------------------------------+-------------------------------------+----------------------------+----------------------------+---------------------------+---------------------------+
; Pin           ; I/O Standard ; Board Delay on Rise ; Board Delay on Fall ; Steady State Voh at FPGA Pin ; Steady State Vol at FPGA Pin ; Voh Max at FPGA Pin ; Vol Min at FPGA Pin ; Ringback Voltage on Rise at FPGA Pin ; Ringback Voltage on Fall at FPGA Pin ; 10-90 Rise Time at FPGA Pin ; 90-10 Fall Time at FPGA Pin ; Monotonic Rise at FPGA Pin ; Monotonic Fall at FPGA Pin ; Steady State Voh at Far-end ; Steady State Vol at Far-end ; Voh Max at Far-end ; Vol Min at Far-end ; Ringback Voltage on Rise at Far-end ; Ringback Voltage on Fall at Far-end ; 10-90 Rise Time at Far-end ; 90-10 Fall Time at Far-end ; Monotonic Rise at Far-end ; Monotonic Fall at Far-end ;
+---------------+--------------+---------------------+---------------------+------------------------------+------------------------------+---------------------+---------------------+--------------------------------------+--------------------------------------+-----------------------------+-----------------------------+----------------------------+----------------------------+-----------------------------+-----------------------------+--------------------+--------------------+-------------------------------------+-------------------------------------+----------------------------+----------------------------+---------------------------+---------------------------+
; Door          ; 2.5 V        ; 0 s                 ; 0 s                 ; 2.62 V                       ; 4.02e-08 V                   ; 2.71 V              ; -0.0354 V           ; 0.174 V                              ; 0.098 V                              ; 2.73e-10 s                  ; 2.69e-10 s                  ; Yes                        ; Yes                        ; 2.62 V                      ; 4.02e-08 V                  ; 2.71 V             ; -0.0354 V          ; 0.174 V                             ; 0.098 V                             ; 2.73e-10 s                 ; 2.69e-10 s                 ; Yes                       ; Yes                       ;
; position[0]   ; 2.5 V        ; 0 s                 ; 0 s                 ; 2.62 V                       ; 4.02e-08 V                   ; 2.71 V              ; -0.0354 V           ; 0.174 V                              ; 0.098 V                              ; 2.73e-10 s                  ; 2.69e-10 s                  ; Yes                        ; Yes                        ; 2.62 V                      ; 4.02e-08 V                  ; 2.71 V             ; -0.0354 V          ; 0.174 V                             ; 0.098 V                             ; 2.73e-10 s                 ; 2.69e-10 s                 ; Yes                       ; Yes                       ;
; position[1]   ; 2.5 V        ; 0 s                 ; 0 s                 ; 2.62 V                       ; 4.02e-08 V                   ; 2.71 V              ; -0.0354 V           ; 0.174 V                              ; 0.098 V                              ; 2.73e-10 s                  ; 2.69e-10 s                  ; Yes                        ; Yes                        ; 2.62 V                      ; 4.02e-08 V                  ; 2.71 V             ; -0.0354 V          ; 0.174 V                             ; 0.098 V                             ; 2.73e-10 s                 ; 2.69e-10 s                 ; Yes                       ; Yes                       ;
; ~ALTERA_DCLK~ ; 2.5 V        ; 0 s                 ; 0 s                 ; 2.62 V                       ; 2.2e-08 V                    ; 2.74 V              ; -0.061 V            ; 0.159 V                              ; 0.078 V                              ; 2.7e-10 s                   ; 2.2e-10 s                   ; No                         ; Yes                        ; 2.62 V                      ; 2.2e-08 V                   ; 2.74 V             ; -0.061 V           ; 0.159 V                             ; 0.078 V                             ; 2.7e-10 s                  ; 2.2e-10 s                  ; No                        ; Yes                       ;
; ~ALTERA_nCEO~ ; 2.5 V        ; 0 s                 ; 0 s                 ; 2.62 V                       ; 3.52e-08 V                   ; 2.7 V               ; -0.0121 V           ; 0.274 V                              ; 0.034 V                              ; 3.18e-10 s                  ; 4.96e-10 s                  ; No                         ; Yes                        ; 2.62 V                      ; 3.52e-08 V                  ; 2.7 V              ; -0.0121 V          ; 0.274 V                             ; 0.034 V                             ; 3.18e-10 s                 ; 4.96e-10 s                 ; No                        ; Yes                       ;
+---------------+--------------+---------------------+---------------------+------------------------------+------------------------------+---------------------+---------------------+--------------------------------------+--------------------------------------+-----------------------------+-----------------------------+----------------------------+----------------------------+-----------------------------+-----------------------------+--------------------+--------------------+-------------------------------------+-------------------------------------+----------------------------+----------------------------+---------------------------+---------------------------+


+-------------------------------------------------------------------+
; Setup Transfers                                                   ;
+------------+----------+----------+----------+----------+----------+
; From Clock ; To Clock ; RR Paths ; FR Paths ; RF Paths ; FF Paths ;
+------------+----------+----------+----------+----------+----------+
; clk        ; clk      ; 4        ; 0        ; 0        ; 0        ;
; clk        ; clk_1hz  ; 1        ; 1        ; 0        ; 0        ;
; clk_1hz    ; clk_1hz  ; 2        ; 0        ; 0        ; 0        ;
+------------+----------+----------+----------+----------+----------+
Entries labeled "false path" only account for clock-to-clock false paths and not path-based false paths. As a result, actual path counts may be lower than reported.


+-------------------------------------------------------------------+
; Hold Transfers                                                    ;
+------------+----------+----------+----------+----------+----------+
; From Clock ; To Clock ; RR Paths ; FR Paths ; RF Paths ; FF Paths ;
+------------+----------+----------+----------+----------+----------+
; clk        ; clk      ; 4        ; 0        ; 0        ; 0        ;
; clk        ; clk_1hz  ; 1        ; 1        ; 0        ; 0        ;
; clk_1hz    ; clk_1hz  ; 2        ; 0        ; 0        ; 0        ;
+------------+----------+----------+----------+----------+----------+
Entries labeled "false path" only account for clock-to-clock false paths and not path-based false paths. As a result, actual path counts may be lower than reported.


---------------
; Report TCCS ;
---------------
No dedicated SERDES Transmitter circuitry present in device or used in design


---------------
; Report RSKM ;
---------------
No dedicated SERDES Receiver circuitry present in device or used in design


+------------------------------------------------+
; Unconstrained Paths                            ;
+---------------------------------+-------+------+
; Property                        ; Setup ; Hold ;
+---------------------------------+-------+------+
; Illegal Clocks                  ; 0     ; 0    ;
; Unconstrained Clocks            ; 0     ; 0    ;
; Unconstrained Input Ports       ; 4     ; 4    ;
; Unconstrained Input Port Paths  ; 10    ; 10   ;
; Unconstrained Output Ports      ; 3     ; 3    ;
; Unconstrained Output Port Paths ; 3     ; 3    ;
+---------------------------------+-------+------+


+------------------------------------+
; TimeQuest Timing Analyzer Messages ;
+------------------------------------+
Info: *******************************************************************
Info: Running Quartus II 64-Bit TimeQuest Timing Analyzer
    Info: Version 13.0.0 Build 156 04/24/2013 SJ Full Version
    Info: Processing started: Thu Dec 21 22:24:11 2017
Info: Command: quartus_sta Elevator -c Elevator
Info: qsta_default_script.tcl version: #1
Info (11104): Parallel Compilation has detected 8 hyper-threaded processors. However, the extra hyper-threaded processors will not be used by default. Parallel Compilation will use 4 of the 4 physical processors detected instead.
Info (21077): Low junction temperature is 0 degrees C
Info (21077): High junction temperature is 85 degrees C
Critical Warning (332012): Synopsys Design Constraints File file not found: 'Elevator.sdc'. A Synopsys Design Constraints File is required by the TimeQuest Timing Analyzer to get proper timing constraints. Without it, the Compiler will not properly optimize the design.
Info (332142): No user constrained base clocks found in the design. Calling "derive_clocks -period 1.0"
Info (332105): Deriving Clocks
    Info (332105): create_clock -period 1.000 -name clk clk
    Info (332105): create_clock -period 1.000 -name clk_1hz clk_1hz
Info (332143): No user constrained clock uncertainty found in the design. Calling "derive_clock_uncertainty"
Info (332123): Deriving Clock Uncertainty. Please refer to report_sdc in TimeQuest to see clock uncertainties.
Info: Found TIMEQUEST_REPORT_SCRIPT_INCLUDE_DEFAULT_ANALYSIS = ON
Info: Analyzing Slow 1200mV 85C Model
Critical Warning (332148): Timing requirements not met
    Info (11105): For recommendations on closing timing, run Report Timing Closure Recommendations in the TimeQuest Timing Analyzer.
Info (332146): Worst-case setup slack is -0.420
    Info (332119):     Slack End Point TNS Clock 
    Info (332119): ========= ============= =====================
    Info (332119):    -0.420        -0.420 clk 
    Info (332119):    -0.394        -0.394 clk_1hz 
Info (332146): Worst-case hold slack is 0.004
    Info (332119):     Slack End Point TNS Clock 
    Info (332119): ========= ============= =====================
    Info (332119):     0.004         0.000 clk_1hz 
    Info (332119):     0.449         0.000 clk 
Info (332140): No Recovery paths to report
Info (332140): No Removal paths to report
Info (332146): Worst-case minimum pulse width slack is -3.000
    Info (332119):     Slack End Point TNS Clock 
    Info (332119): ========= ============= =====================
    Info (332119):    -3.000        -5.974 clk_1hz 
    Info (332119):    -1.487        -4.461 clk 
Info: Analyzing Slow 1200mV 0C Model
Info (334003): Started post-fitting delay annotation
Info (334004): Delay annotation completed successfully
Info (332123): Deriving Clock Uncertainty. Please refer to report_sdc in TimeQuest to see clock uncertainties.
Critical Warning (332148): Timing requirements not met
    Info (11105): For recommendations on closing timing, run Report Timing Closure Recommendations in the TimeQuest Timing Analyzer.
Info (332146): Worst-case setup slack is -0.305
    Info (332119):     Slack End Point TNS Clock 
    Info (332119): ========= ============= =====================
    Info (332119):    -0.305        -0.305 clk 
    Info (332119):    -0.284        -0.284 clk_1hz 
Info (332146): Worst-case hold slack is 0.104
    Info (332119):     Slack End Point TNS Clock 
    Info (332119): ========= ============= =====================
    Info (332119):     0.104         0.000 clk_1hz 
    Info (332119):     0.397         0.000 clk 
Info (332140): No Recovery paths to report
Info (332140): No Removal paths to report
Info (332146): Worst-case minimum pulse width slack is -3.000
    Info (332119):     Slack End Point TNS Clock 
    Info (332119): ========= ============= =====================
    Info (332119):    -3.000        -5.974 clk_1hz 
    Info (332119):    -1.487        -4.461 clk 
Info: Analyzing Fast 1200mV 0C Model
Info (332123): Deriving Clock Uncertainty. Please refer to report_sdc in TimeQuest to see clock uncertainties.
Info (332146): Worst-case setup slack is 0.225
    Info (332119):     Slack End Point TNS Clock 
    Info (332119): ========= ============= =====================
    Info (332119):     0.225         0.000 clk_1hz 
    Info (332119):     0.392         0.000 clk 
Critical Warning (332148): Timing requirements not met
    Info (11105): For recommendations on closing timing, run Report Timing Closure Recommendations in the TimeQuest Timing Analyzer.
Info (332146): Worst-case hold slack is -0.181
    Info (332119):     Slack End Point TNS Clock 
    Info (332119): ========= ============= =====================
    Info (332119):    -0.181        -0.181 clk_1hz 
    Info (332119):     0.183         0.000 clk 
Info (332140): No Recovery paths to report
Info (332140): No Removal paths to report
Info (332146): Worst-case minimum pulse width slack is -3.000
    Info (332119):     Slack End Point TNS Clock 
    Info (332119): ========= ============= =====================
    Info (332119):    -3.000        -5.118 clk_1hz 
    Info (332119):    -1.000        -3.000 clk 
Info (332102): Design is not fully constrained for setup requirements
Info (332102): Design is not fully constrained for hold requirements
Info: Quartus II 64-Bit TimeQuest Timing Analyzer was successful. 0 errors, 4 warnings
    Info: Peak virtual memory: 547 megabytes
    Info: Processing ended: Thu Dec 21 22:24:12 2017
    Info: Elapsed time: 00:00:01
    Info: Total CPU time (on all processors): 00:00:01


