TimeQuest Timing Analyzer report for FlowLED
Thu Nov 09 16:46:27 2017
Quartus II 32-bit Version 13.0.1 Build 232 06/12/2013 Service Pack 1 SJ Full Version


---------------------
; Table of Contents ;
---------------------
  1. Legal Notice
  2. TimeQuest Timing Analyzer Summary
  3. Parallel Compilation
  4. Clocks
  5. Slow 1200mV 85C Model Fmax Summary
  6. Timing Closure Recommendations
  7. Slow 1200mV 85C Model Setup Summary
  8. Slow 1200mV 85C Model Hold Summary
  9. Slow 1200mV 85C Model Recovery Summary
 10. Slow 1200mV 85C Model Removal Summary
 11. Slow 1200mV 85C Model Minimum Pulse Width Summary
 12. Slow 1200mV 85C Model Setup: 'clk'
 13. Slow 1200mV 85C Model Hold: 'clk'
 14. Slow 1200mV 85C Model Minimum Pulse Width: 'clk'
 15. Setup Times
 16. Hold Times
 17. Clock to Output Times
 18. Minimum Clock to Output Times
 19. Slow 1200mV 85C Model Metastability Report
 20. Slow 1200mV 0C Model Fmax Summary
 21. Slow 1200mV 0C Model Setup Summary
 22. Slow 1200mV 0C Model Hold Summary
 23. Slow 1200mV 0C Model Recovery Summary
 24. Slow 1200mV 0C Model Removal Summary
 25. Slow 1200mV 0C Model Minimum Pulse Width Summary
 26. Slow 1200mV 0C Model Setup: 'clk'
 27. Slow 1200mV 0C Model Hold: 'clk'
 28. Slow 1200mV 0C Model Minimum Pulse Width: 'clk'
 29. Setup Times
 30. Hold Times
 31. Clock to Output Times
 32. Minimum Clock to Output Times
 33. Slow 1200mV 0C Model Metastability Report
 34. Fast 1200mV 0C Model Setup Summary
 35. Fast 1200mV 0C Model Hold Summary
 36. Fast 1200mV 0C Model Recovery Summary
 37. Fast 1200mV 0C Model Removal Summary
 38. Fast 1200mV 0C Model Minimum Pulse Width Summary
 39. Fast 1200mV 0C Model Setup: 'clk'
 40. Fast 1200mV 0C Model Hold: 'clk'
 41. Fast 1200mV 0C Model Minimum Pulse Width: 'clk'
 42. Setup Times
 43. Hold Times
 44. Clock to Output Times
 45. Minimum Clock to Output Times
 46. Fast 1200mV 0C Model Metastability Report
 47. Multicorner Timing Analysis Summary
 48. Setup Times
 49. Hold Times
 50. Clock to Output Times
 51. Minimum Clock to Output Times
 52. Board Trace Model Assignments
 53. Input Transition Times
 54. Slow Corner Signal Integrity Metrics
 55. Fast Corner Signal Integrity Metrics
 56. Setup Transfers
 57. Hold Transfers
 58. Report TCCS
 59. Report RSKM
 60. Unconstrained Paths
 61. TimeQuest Timing Analyzer Messages



----------------
; Legal Notice ;
----------------
Copyright (C) 1991-2013 Altera Corporation
Your use of Altera Corporation's design tools, logic functions 
and other software and tools, and its AMPP partner logic 
functions, and any output files from any of the foregoing 
(including device programming or simulation files), and any 
associated documentation or information are expressly subject 
to the terms and conditions of the Altera Program License 
Subscription Agreement, Altera MegaCore Function License 
Agreement, or other applicable license agreement, including, 
without limitation, that your use is for the sole purpose of 
programming logic devices manufactured by Altera and sold by 
Altera or its authorized distributors.  Please refer to the 
applicable agreement for further details.



+-----------------------------------------------------------------------------------------+
; TimeQuest Timing Analyzer Summary                                                       ;
+--------------------+--------------------------------------------------------------------+
; Quartus II Version ; Version 13.0.1 Build 232 06/12/2013 Service Pack 1 SJ Full Version ;
; Revision Name      ; FlowLED                                                            ;
; Device Family      ; Cyclone III                                                        ;
; Device Name        ; EP3C55F484C8                                                       ;
; Timing Models      ; Final                                                              ;
; Delay Model        ; Combined                                                           ;
; Rise/Fall Delays   ; Enabled                                                            ;
+--------------------+--------------------------------------------------------------------+


+------------------------------------------+
; Parallel Compilation                     ;
+----------------------------+-------------+
; Processors                 ; Number      ;
+----------------------------+-------------+
; Number detected on machine ; 4           ;
; Maximum allowed            ; 2           ;
;                            ;             ;
; Average used               ; 1.00        ;
; Maximum used               ; 2           ;
;                            ;             ;
; Usage by Processor         ; % Time Used ;
;     Processor 1            ; 100.0%      ;
;     Processor 2            ; < 0.1%      ;
;     Processors 3-4         ;   0.0%      ;
+----------------------------+-------------+


+---------------------------------------------------------------------------------------------------------------------------------------------------------------------------------+
; Clocks                                                                                                                                                                          ;
+------------+------+--------+------------+-------+-------+------------+-----------+-------------+-------+--------+-----------+------------+----------+--------+--------+---------+
; Clock Name ; Type ; Period ; Frequency  ; Rise  ; Fall  ; Duty Cycle ; Divide by ; Multiply by ; Phase ; Offset ; Edge List ; Edge Shift ; Inverted ; Master ; Source ; Targets ;
+------------+------+--------+------------+-------+-------+------------+-----------+-------------+-------+--------+-----------+------------+----------+--------+--------+---------+
; clk        ; Base ; 1.000  ; 1000.0 MHz ; 0.000 ; 0.500 ;            ;           ;             ;       ;        ;           ;            ;          ;        ;        ; { clk } ;
+------------+------+--------+------------+-------+-------+------------+-----------+-------------+-------+--------+-----------+------------+----------+--------+--------+---------+


+------------------------------------------------------------------------------------------------------------+
; Slow 1200mV 85C Model Fmax Summary                                                                         ;
+-------------+-----------------+------------+---------------------------------------------------------------+
; Fmax        ; Restricted Fmax ; Clock Name ; Note                                                          ;
+-------------+-----------------+------------+---------------------------------------------------------------+
; 1044.93 MHz ; 250.0 MHz       ; clk        ; limit due to minimum period restriction (max I/O toggle rate) ;
+-------------+-----------------+------------+---------------------------------------------------------------+
This panel reports FMAX for every clock in the design, regardless of the user-specified clock periods.  FMAX is only computed for paths where the source and destination registers or ports are driven by the same clock.  Paths of different clocks, including generated clocks, are ignored.  For paths between a clock and its inversion, FMAX is computed as if the rising and falling edges are scaled along with FMAX, such that the duty cycle (in terms of a percentage) is maintained. Altera recommends that you always use clock constraints and other slack reports for sign-off analysis.


----------------------------------
; Timing Closure Recommendations ;
----------------------------------
HTML report is unavailable in plain text report export.


+-------------------------------------+
; Slow 1200mV 85C Model Setup Summary ;
+-------+-------+---------------------+
; Clock ; Slack ; End Point TNS       ;
+-------+-------+---------------------+
; clk   ; 0.043 ; 0.000               ;
+-------+-------+---------------------+


+------------------------------------+
; Slow 1200mV 85C Model Hold Summary ;
+-------+-------+--------------------+
; Clock ; Slack ; End Point TNS      ;
+-------+-------+--------------------+
; clk   ; 0.509 ; 0.000              ;
+-------+-------+--------------------+


------------------------------------------
; Slow 1200mV 85C Model Recovery Summary ;
------------------------------------------
No paths to report.


-----------------------------------------
; Slow 1200mV 85C Model Removal Summary ;
-----------------------------------------
No paths to report.


+---------------------------------------------------+
; Slow 1200mV 85C Model Minimum Pulse Width Summary ;
+-------+--------+----------------------------------+
; Clock ; Slack  ; End Point TNS                    ;
+-------+--------+----------------------------------+
; clk   ; -3.000 ; -17.870                          ;
+-------+--------+----------------------------------+


+----------------------------------------------------------------------------------------------------+
; Slow 1200mV 85C Model Setup: 'clk'                                                                 ;
+-------+-----------+----------+--------------+-------------+--------------+------------+------------+
; Slack ; From Node ; To Node  ; Launch Clock ; Latch Clock ; Relationship ; Clock Skew ; Data Delay ;
+-------+-----------+----------+--------------+-------------+--------------+------------+------------+
; 0.043 ; state.S0  ; state.S1 ; clk          ; clk         ; 1.000        ; -0.055     ; 0.923      ;
; 0.057 ; state.S1  ; state.S2 ; clk          ; clk         ; 1.000        ; -0.055     ; 0.909      ;
; 0.057 ; state.S7  ; state.S8 ; clk          ; clk         ; 1.000        ; -0.055     ; 0.909      ;
; 0.057 ; state.S8  ; state.S9 ; clk          ; clk         ; 1.000        ; -0.055     ; 0.909      ;
; 0.058 ; state.S2  ; state.S3 ; clk          ; clk         ; 1.000        ; -0.055     ; 0.908      ;
; 0.058 ; state.S4  ; state.S5 ; clk          ; clk         ; 1.000        ; -0.055     ; 0.908      ;
; 0.058 ; state.S6  ; state.S7 ; clk          ; clk         ; 1.000        ; -0.055     ; 0.908      ;
; 0.059 ; state.S3  ; state.S4 ; clk          ; clk         ; 1.000        ; -0.055     ; 0.907      ;
; 0.059 ; state.S5  ; state.S6 ; clk          ; clk         ; 1.000        ; -0.055     ; 0.907      ;
; 0.072 ; state.S9  ; state.S0 ; clk          ; clk         ; 1.000        ; -0.055     ; 0.894      ;
+-------+-----------+----------+--------------+-------------+--------------+------------+------------+


+----------------------------------------------------------------------------------------------------+
; Slow 1200mV 85C Model Hold: 'clk'                                                                  ;
+-------+-----------+----------+--------------+-------------+--------------+------------+------------+
; Slack ; From Node ; To Node  ; Launch Clock ; Latch Clock ; Relationship ; Clock Skew ; Data Delay ;
+-------+-----------+----------+--------------+-------------+--------------+------------+------------+
; 0.509 ; state.S9  ; state.S0 ; clk          ; clk         ; 0.000        ; 0.055      ; 0.776      ;
; 0.537 ; state.S0  ; state.S1 ; clk          ; clk         ; 0.000        ; 0.055      ; 0.804      ;
; 0.552 ; state.S1  ; state.S2 ; clk          ; clk         ; 0.000        ; 0.055      ; 0.819      ;
; 0.552 ; state.S2  ; state.S3 ; clk          ; clk         ; 0.000        ; 0.055      ; 0.819      ;
; 0.552 ; state.S3  ; state.S4 ; clk          ; clk         ; 0.000        ; 0.055      ; 0.819      ;
; 0.552 ; state.S5  ; state.S6 ; clk          ; clk         ; 0.000        ; 0.055      ; 0.819      ;
; 0.552 ; state.S6  ; state.S7 ; clk          ; clk         ; 0.000        ; 0.055      ; 0.819      ;
; 0.552 ; state.S7  ; state.S8 ; clk          ; clk         ; 0.000        ; 0.055      ; 0.819      ;
; 0.553 ; state.S4  ; state.S5 ; clk          ; clk         ; 0.000        ; 0.055      ; 0.820      ;
; 0.553 ; state.S8  ; state.S9 ; clk          ; clk         ; 0.000        ; 0.055      ; 0.820      ;
+-------+-----------+----------+--------------+-------------+--------------+------------+------------+


+-----------------------------------------------------------------------------------------------+
; Slow 1200mV 85C Model Minimum Pulse Width: 'clk'                                              ;
+--------+--------------+----------------+------------------+-------+------------+--------------+
; Slack  ; Actual Width ; Required Width ; Type             ; Clock ; Clock Edge ; Target       ;
+--------+--------------+----------------+------------------+-------+------------+--------------+
; -3.000 ; 1.000        ; 4.000          ; Port Rate        ; clk   ; Rise       ; clk          ;
; -1.487 ; 1.000        ; 2.487          ; Min Period       ; clk   ; Rise       ; state.S0     ;
; -1.487 ; 1.000        ; 2.487          ; Min Period       ; clk   ; Rise       ; state.S1     ;
; -1.487 ; 1.000        ; 2.487          ; Min Period       ; clk   ; Rise       ; state.S2     ;
; -1.487 ; 1.000        ; 2.487          ; Min Period       ; clk   ; Rise       ; state.S3     ;
; -1.487 ; 1.000        ; 2.487          ; Min Period       ; clk   ; Rise       ; state.S4     ;
; -1.487 ; 1.000        ; 2.487          ; Min Period       ; clk   ; Rise       ; state.S5     ;
; -1.487 ; 1.000        ; 2.487          ; Min Period       ; clk   ; Rise       ; state.S6     ;
; -1.487 ; 1.000        ; 2.487          ; Min Period       ; clk   ; Rise       ; state.S7     ;
; -1.487 ; 1.000        ; 2.487          ; Min Period       ; clk   ; Rise       ; state.S8     ;
; -1.487 ; 1.000        ; 2.487          ; Min Period       ; clk   ; Rise       ; state.S9     ;
; 0.222  ; 0.442        ; 0.220          ; High Pulse Width ; clk   ; Rise       ; state.S0     ;
; 0.222  ; 0.442        ; 0.220          ; High Pulse Width ; clk   ; Rise       ; state.S1     ;
; 0.222  ; 0.442        ; 0.220          ; High Pulse Width ; clk   ; Rise       ; state.S2     ;
; 0.222  ; 0.442        ; 0.220          ; High Pulse Width ; clk   ; Rise       ; state.S3     ;
; 0.222  ; 0.442        ; 0.220          ; High Pulse Width ; clk   ; Rise       ; state.S4     ;
; 0.222  ; 0.442        ; 0.220          ; High Pulse Width ; clk   ; Rise       ; state.S5     ;
; 0.222  ; 0.442        ; 0.220          ; High Pulse Width ; clk   ; Rise       ; state.S6     ;
; 0.222  ; 0.442        ; 0.220          ; High Pulse Width ; clk   ; Rise       ; state.S7     ;
; 0.222  ; 0.442        ; 0.220          ; High Pulse Width ; clk   ; Rise       ; state.S8     ;
; 0.222  ; 0.442        ; 0.220          ; High Pulse Width ; clk   ; Rise       ; state.S9     ;
; 0.367  ; 0.555        ; 0.188          ; Low Pulse Width  ; clk   ; Rise       ; state.S0     ;
; 0.367  ; 0.555        ; 0.188          ; Low Pulse Width  ; clk   ; Rise       ; state.S1     ;
; 0.367  ; 0.555        ; 0.188          ; Low Pulse Width  ; clk   ; Rise       ; state.S2     ;
; 0.367  ; 0.555        ; 0.188          ; Low Pulse Width  ; clk   ; Rise       ; state.S3     ;
; 0.367  ; 0.555        ; 0.188          ; Low Pulse Width  ; clk   ; Rise       ; state.S4     ;
; 0.367  ; 0.555        ; 0.188          ; Low Pulse Width  ; clk   ; Rise       ; state.S5     ;
; 0.367  ; 0.555        ; 0.188          ; Low Pulse Width  ; clk   ; Rise       ; state.S6     ;
; 0.367  ; 0.555        ; 0.188          ; Low Pulse Width  ; clk   ; Rise       ; state.S7     ;
; 0.367  ; 0.555        ; 0.188          ; Low Pulse Width  ; clk   ; Rise       ; state.S8     ;
; 0.367  ; 0.555        ; 0.188          ; Low Pulse Width  ; clk   ; Rise       ; state.S9     ;
; 0.449  ; 0.449        ; 0.000          ; Low Pulse Width  ; clk   ; Rise       ; clk~input|o  ;
; 0.491  ; 0.491        ; 0.000          ; High Pulse Width ; clk   ; Rise       ; state.S0|clk ;
; 0.491  ; 0.491        ; 0.000          ; High Pulse Width ; clk   ; Rise       ; state.S1|clk ;
; 0.491  ; 0.491        ; 0.000          ; High Pulse Width ; clk   ; Rise       ; state.S2|clk ;
; 0.491  ; 0.491        ; 0.000          ; High Pulse Width ; clk   ; Rise       ; state.S3|clk ;
; 0.491  ; 0.491        ; 0.000          ; High Pulse Width ; clk   ; Rise       ; state.S4|clk ;
; 0.491  ; 0.491        ; 0.000          ; High Pulse Width ; clk   ; Rise       ; state.S5|clk ;
; 0.491  ; 0.491        ; 0.000          ; High Pulse Width ; clk   ; Rise       ; state.S6|clk ;
; 0.491  ; 0.491        ; 0.000          ; High Pulse Width ; clk   ; Rise       ; state.S7|clk ;
; 0.491  ; 0.491        ; 0.000          ; High Pulse Width ; clk   ; Rise       ; state.S8|clk ;
; 0.491  ; 0.491        ; 0.000          ; High Pulse Width ; clk   ; Rise       ; state.S9|clk ;
; 0.500  ; 0.500        ; 0.000          ; High Pulse Width ; clk   ; Rise       ; clk~input|i  ;
; 0.500  ; 0.500        ; 0.000          ; Low Pulse Width  ; clk   ; Rise       ; clk~input|i  ;
; 0.507  ; 0.507        ; 0.000          ; Low Pulse Width  ; clk   ; Rise       ; state.S0|clk ;
; 0.507  ; 0.507        ; 0.000          ; Low Pulse Width  ; clk   ; Rise       ; state.S1|clk ;
; 0.507  ; 0.507        ; 0.000          ; Low Pulse Width  ; clk   ; Rise       ; state.S2|clk ;
; 0.507  ; 0.507        ; 0.000          ; Low Pulse Width  ; clk   ; Rise       ; state.S3|clk ;
; 0.507  ; 0.507        ; 0.000          ; Low Pulse Width  ; clk   ; Rise       ; state.S4|clk ;
; 0.507  ; 0.507        ; 0.000          ; Low Pulse Width  ; clk   ; Rise       ; state.S5|clk ;
; 0.507  ; 0.507        ; 0.000          ; Low Pulse Width  ; clk   ; Rise       ; state.S6|clk ;
; 0.507  ; 0.507        ; 0.000          ; Low Pulse Width  ; clk   ; Rise       ; state.S7|clk ;
; 0.507  ; 0.507        ; 0.000          ; Low Pulse Width  ; clk   ; Rise       ; state.S8|clk ;
; 0.507  ; 0.507        ; 0.000          ; Low Pulse Width  ; clk   ; Rise       ; state.S9|clk ;
; 0.551  ; 0.551        ; 0.000          ; High Pulse Width ; clk   ; Rise       ; clk~input|o  ;
+--------+--------------+----------------+------------------+-------+------------+--------------+


+-----------------------------------------------------------------------+
; Setup Times                                                           ;
+-----------+------------+-------+-------+------------+-----------------+
; Data Port ; Clock Port ; Rise  ; Fall  ; Clock Edge ; Clock Reference ;
+-----------+------------+-------+-------+------------+-----------------+
; reset     ; clk        ; 3.524 ; 3.789 ; Rise       ; clk             ;
+-----------+------------+-------+-------+------------+-----------------+


+-------------------------------------------------------------------------+
; Hold Times                                                              ;
+-----------+------------+--------+--------+------------+-----------------+
; Data Port ; Clock Port ; Rise   ; Fall   ; Clock Edge ; Clock Reference ;
+-----------+------------+--------+--------+------------+-----------------+
; reset     ; clk        ; -2.948 ; -3.167 ; Rise       ; clk             ;
+-----------+------------+--------+--------+------------+-----------------+


+-----------------------------------------------------------------------+
; Clock to Output Times                                                 ;
+-----------+------------+-------+-------+------------+-----------------+
; Data Port ; Clock Port ; Rise  ; Fall  ; Clock Edge ; Clock Reference ;
+-----------+------------+-------+-------+------------+-----------------+
; out[*]    ; clk        ; 7.552 ; 7.724 ; Rise       ; clk             ;
;  out[0]   ; clk        ; 7.171 ; 7.269 ; Rise       ; clk             ;
;  out[1]   ; clk        ; 6.763 ; 6.835 ; Rise       ; clk             ;
;  out[2]   ; clk        ; 7.186 ; 7.039 ; Rise       ; clk             ;
;  out[3]   ; clk        ; 6.758 ; 6.837 ; Rise       ; clk             ;
;  out[4]   ; clk        ; 5.791 ; 5.836 ; Rise       ; clk             ;
;  out[5]   ; clk        ; 7.241 ; 7.346 ; Rise       ; clk             ;
;  out[6]   ; clk        ; 7.552 ; 7.724 ; Rise       ; clk             ;
+-----------+------------+-------+-------+------------+-----------------+


+-----------------------------------------------------------------------+
; Minimum Clock to Output Times                                         ;
+-----------+------------+-------+-------+------------+-----------------+
; Data Port ; Clock Port ; Rise  ; Fall  ; Clock Edge ; Clock Reference ;
+-----------+------------+-------+-------+------------+-----------------+
; out[*]    ; clk        ; 5.673 ; 5.717 ; Rise       ; clk             ;
;  out[0]   ; clk        ; 6.797 ; 6.883 ; Rise       ; clk             ;
;  out[1]   ; clk        ; 6.377 ; 6.455 ; Rise       ; clk             ;
;  out[2]   ; clk        ; 6.874 ; 6.741 ; Rise       ; clk             ;
;  out[3]   ; clk        ; 6.394 ; 6.473 ; Rise       ; clk             ;
;  out[4]   ; clk        ; 5.673 ; 5.717 ; Rise       ; clk             ;
;  out[5]   ; clk        ; 6.881 ; 6.998 ; Rise       ; clk             ;
;  out[6]   ; clk        ; 7.194 ; 7.367 ; Rise       ; clk             ;
+-----------+------------+-------+-------+------------+-----------------+


----------------------------------------------
; Slow 1200mV 85C Model Metastability Report ;
----------------------------------------------
No synchronizer chains to report.


+------------------------------------------------------------------------------------------------------------+
; Slow 1200mV 0C Model Fmax Summary                                                                          ;
+-------------+-----------------+------------+---------------------------------------------------------------+
; Fmax        ; Restricted Fmax ; Clock Name ; Note                                                          ;
+-------------+-----------------+------------+---------------------------------------------------------------+
; 1154.73 MHz ; 250.0 MHz       ; clk        ; limit due to minimum period restriction (max I/O toggle rate) ;
+-------------+-----------------+------------+---------------------------------------------------------------+
This panel reports FMAX for every clock in the design, regardless of the user-specified clock periods.  FMAX is only computed for paths where the source and destination registers or ports are driven by the same clock.  Paths of different clocks, including generated clocks, are ignored.  For paths between a clock and its inversion, FMAX is computed as if the rising and falling edges are scaled along with FMAX, such that the duty cycle (in terms of a percentage) is maintained. Altera recommends that you always use clock constraints and other slack reports for sign-off analysis.


+------------------------------------+
; Slow 1200mV 0C Model Setup Summary ;
+-------+-------+--------------------+
; Clock ; Slack ; End Point TNS      ;
+-------+-------+--------------------+
; clk   ; 0.134 ; 0.000              ;
+-------+-------+--------------------+


+-----------------------------------+
; Slow 1200mV 0C Model Hold Summary ;
+-------+-------+-------------------+
; Clock ; Slack ; End Point TNS     ;
+-------+-------+-------------------+
; clk   ; 0.470 ; 0.000             ;
+-------+-------+-------------------+


-----------------------------------------
; Slow 1200mV 0C Model Recovery Summary ;
-----------------------------------------
No paths to report.


----------------------------------------
; Slow 1200mV 0C Model Removal Summary ;
----------------------------------------
No paths to report.


+--------------------------------------------------+
; Slow 1200mV 0C Model Minimum Pulse Width Summary ;
+-------+--------+---------------------------------+
; Clock ; Slack  ; End Point TNS                   ;
+-------+--------+---------------------------------+
; clk   ; -3.000 ; -17.870                         ;
+-------+--------+---------------------------------+


+----------------------------------------------------------------------------------------------------+
; Slow 1200mV 0C Model Setup: 'clk'                                                                  ;
+-------+-----------+----------+--------------+-------------+--------------+------------+------------+
; Slack ; From Node ; To Node  ; Launch Clock ; Latch Clock ; Relationship ; Clock Skew ; Data Delay ;
+-------+-----------+----------+--------------+-------------+--------------+------------+------------+
; 0.134 ; state.S0  ; state.S1 ; clk          ; clk         ; 1.000        ; -0.049     ; 0.839      ;
; 0.154 ; state.S1  ; state.S2 ; clk          ; clk         ; 1.000        ; -0.049     ; 0.819      ;
; 0.154 ; state.S7  ; state.S8 ; clk          ; clk         ; 1.000        ; -0.049     ; 0.819      ;
; 0.154 ; state.S8  ; state.S9 ; clk          ; clk         ; 1.000        ; -0.049     ; 0.819      ;
; 0.155 ; state.S2  ; state.S3 ; clk          ; clk         ; 1.000        ; -0.049     ; 0.818      ;
; 0.155 ; state.S4  ; state.S5 ; clk          ; clk         ; 1.000        ; -0.049     ; 0.818      ;
; 0.155 ; state.S6  ; state.S7 ; clk          ; clk         ; 1.000        ; -0.049     ; 0.818      ;
; 0.156 ; state.S3  ; state.S4 ; clk          ; clk         ; 1.000        ; -0.049     ; 0.817      ;
; 0.156 ; state.S5  ; state.S6 ; clk          ; clk         ; 1.000        ; -0.049     ; 0.817      ;
; 0.160 ; state.S9  ; state.S0 ; clk          ; clk         ; 1.000        ; -0.049     ; 0.813      ;
+-------+-----------+----------+--------------+-------------+--------------+------------+------------+


+----------------------------------------------------------------------------------------------------+
; Slow 1200mV 0C Model Hold: 'clk'                                                                   ;
+-------+-----------+----------+--------------+-------------+--------------+------------+------------+
; Slack ; From Node ; To Node  ; Launch Clock ; Latch Clock ; Relationship ; Clock Skew ; Data Delay ;
+-------+-----------+----------+--------------+-------------+--------------+------------+------------+
; 0.470 ; state.S9  ; state.S0 ; clk          ; clk         ; 0.000        ; 0.049      ; 0.714      ;
; 0.495 ; state.S0  ; state.S1 ; clk          ; clk         ; 0.000        ; 0.049      ; 0.739      ;
; 0.515 ; state.S3  ; state.S4 ; clk          ; clk         ; 0.000        ; 0.049      ; 0.759      ;
; 0.515 ; state.S4  ; state.S5 ; clk          ; clk         ; 0.000        ; 0.049      ; 0.759      ;
; 0.515 ; state.S5  ; state.S6 ; clk          ; clk         ; 0.000        ; 0.049      ; 0.759      ;
; 0.515 ; state.S6  ; state.S7 ; clk          ; clk         ; 0.000        ; 0.049      ; 0.759      ;
; 0.516 ; state.S1  ; state.S2 ; clk          ; clk         ; 0.000        ; 0.049      ; 0.760      ;
; 0.516 ; state.S2  ; state.S3 ; clk          ; clk         ; 0.000        ; 0.049      ; 0.760      ;
; 0.516 ; state.S7  ; state.S8 ; clk          ; clk         ; 0.000        ; 0.049      ; 0.760      ;
; 0.516 ; state.S8  ; state.S9 ; clk          ; clk         ; 0.000        ; 0.049      ; 0.760      ;
+-------+-----------+----------+--------------+-------------+--------------+------------+------------+


+-----------------------------------------------------------------------------------------------+
; Slow 1200mV 0C Model Minimum Pulse Width: 'clk'                                               ;
+--------+--------------+----------------+------------------+-------+------------+--------------+
; Slack  ; Actual Width ; Required Width ; Type             ; Clock ; Clock Edge ; Target       ;
+--------+--------------+----------------+------------------+-------+------------+--------------+
; -3.000 ; 1.000        ; 4.000          ; Port Rate        ; clk   ; Rise       ; clk          ;
; -1.487 ; 1.000        ; 2.487          ; Min Period       ; clk   ; Rise       ; state.S0     ;
; -1.487 ; 1.000        ; 2.487          ; Min Period       ; clk   ; Rise       ; state.S1     ;
; -1.487 ; 1.000        ; 2.487          ; Min Period       ; clk   ; Rise       ; state.S2     ;
; -1.487 ; 1.000        ; 2.487          ; Min Period       ; clk   ; Rise       ; state.S3     ;
; -1.487 ; 1.000        ; 2.487          ; Min Period       ; clk   ; Rise       ; state.S4     ;
; -1.487 ; 1.000        ; 2.487          ; Min Period       ; clk   ; Rise       ; state.S5     ;
; -1.487 ; 1.000        ; 2.487          ; Min Period       ; clk   ; Rise       ; state.S6     ;
; -1.487 ; 1.000        ; 2.487          ; Min Period       ; clk   ; Rise       ; state.S7     ;
; -1.487 ; 1.000        ; 2.487          ; Min Period       ; clk   ; Rise       ; state.S8     ;
; -1.487 ; 1.000        ; 2.487          ; Min Period       ; clk   ; Rise       ; state.S9     ;
; 0.183  ; 0.399        ; 0.216          ; High Pulse Width ; clk   ; Rise       ; state.S0     ;
; 0.183  ; 0.399        ; 0.216          ; High Pulse Width ; clk   ; Rise       ; state.S1     ;
; 0.183  ; 0.399        ; 0.216          ; High Pulse Width ; clk   ; Rise       ; state.S2     ;
; 0.183  ; 0.399        ; 0.216          ; High Pulse Width ; clk   ; Rise       ; state.S3     ;
; 0.183  ; 0.399        ; 0.216          ; High Pulse Width ; clk   ; Rise       ; state.S4     ;
; 0.183  ; 0.399        ; 0.216          ; High Pulse Width ; clk   ; Rise       ; state.S5     ;
; 0.183  ; 0.399        ; 0.216          ; High Pulse Width ; clk   ; Rise       ; state.S6     ;
; 0.183  ; 0.399        ; 0.216          ; High Pulse Width ; clk   ; Rise       ; state.S7     ;
; 0.183  ; 0.399        ; 0.216          ; High Pulse Width ; clk   ; Rise       ; state.S8     ;
; 0.183  ; 0.399        ; 0.216          ; High Pulse Width ; clk   ; Rise       ; state.S9     ;
; 0.411  ; 0.595        ; 0.184          ; Low Pulse Width  ; clk   ; Rise       ; state.S0     ;
; 0.411  ; 0.595        ; 0.184          ; Low Pulse Width  ; clk   ; Rise       ; state.S1     ;
; 0.411  ; 0.595        ; 0.184          ; Low Pulse Width  ; clk   ; Rise       ; state.S2     ;
; 0.411  ; 0.595        ; 0.184          ; Low Pulse Width  ; clk   ; Rise       ; state.S3     ;
; 0.411  ; 0.595        ; 0.184          ; Low Pulse Width  ; clk   ; Rise       ; state.S4     ;
; 0.411  ; 0.595        ; 0.184          ; Low Pulse Width  ; clk   ; Rise       ; state.S5     ;
; 0.411  ; 0.595        ; 0.184          ; Low Pulse Width  ; clk   ; Rise       ; state.S6     ;
; 0.411  ; 0.595        ; 0.184          ; Low Pulse Width  ; clk   ; Rise       ; state.S7     ;
; 0.411  ; 0.595        ; 0.184          ; Low Pulse Width  ; clk   ; Rise       ; state.S8     ;
; 0.411  ; 0.595        ; 0.184          ; Low Pulse Width  ; clk   ; Rise       ; state.S9     ;
; 0.449  ; 0.449        ; 0.000          ; Low Pulse Width  ; clk   ; Rise       ; clk~input|o  ;
; 0.453  ; 0.453        ; 0.000          ; High Pulse Width ; clk   ; Rise       ; state.S0|clk ;
; 0.453  ; 0.453        ; 0.000          ; High Pulse Width ; clk   ; Rise       ; state.S1|clk ;
; 0.453  ; 0.453        ; 0.000          ; High Pulse Width ; clk   ; Rise       ; state.S2|clk ;
; 0.453  ; 0.453        ; 0.000          ; High Pulse Width ; clk   ; Rise       ; state.S3|clk ;
; 0.453  ; 0.453        ; 0.000          ; High Pulse Width ; clk   ; Rise       ; state.S4|clk ;
; 0.453  ; 0.453        ; 0.000          ; High Pulse Width ; clk   ; Rise       ; state.S5|clk ;
; 0.453  ; 0.453        ; 0.000          ; High Pulse Width ; clk   ; Rise       ; state.S6|clk ;
; 0.453  ; 0.453        ; 0.000          ; High Pulse Width ; clk   ; Rise       ; state.S7|clk ;
; 0.453  ; 0.453        ; 0.000          ; High Pulse Width ; clk   ; Rise       ; state.S8|clk ;
; 0.453  ; 0.453        ; 0.000          ; High Pulse Width ; clk   ; Rise       ; state.S9|clk ;
; 0.500  ; 0.500        ; 0.000          ; High Pulse Width ; clk   ; Rise       ; clk~input|i  ;
; 0.500  ; 0.500        ; 0.000          ; Low Pulse Width  ; clk   ; Rise       ; clk~input|i  ;
; 0.544  ; 0.544        ; 0.000          ; Low Pulse Width  ; clk   ; Rise       ; state.S0|clk ;
; 0.544  ; 0.544        ; 0.000          ; Low Pulse Width  ; clk   ; Rise       ; state.S1|clk ;
; 0.544  ; 0.544        ; 0.000          ; Low Pulse Width  ; clk   ; Rise       ; state.S2|clk ;
; 0.544  ; 0.544        ; 0.000          ; Low Pulse Width  ; clk   ; Rise       ; state.S3|clk ;
; 0.544  ; 0.544        ; 0.000          ; Low Pulse Width  ; clk   ; Rise       ; state.S4|clk ;
; 0.544  ; 0.544        ; 0.000          ; Low Pulse Width  ; clk   ; Rise       ; state.S5|clk ;
; 0.544  ; 0.544        ; 0.000          ; Low Pulse Width  ; clk   ; Rise       ; state.S6|clk ;
; 0.544  ; 0.544        ; 0.000          ; Low Pulse Width  ; clk   ; Rise       ; state.S7|clk ;
; 0.544  ; 0.544        ; 0.000          ; Low Pulse Width  ; clk   ; Rise       ; state.S8|clk ;
; 0.544  ; 0.544        ; 0.000          ; Low Pulse Width  ; clk   ; Rise       ; state.S9|clk ;
; 0.551  ; 0.551        ; 0.000          ; High Pulse Width ; clk   ; Rise       ; clk~input|o  ;
+--------+--------------+----------------+------------------+-------+------------+--------------+


+-----------------------------------------------------------------------+
; Setup Times                                                           ;
+-----------+------------+-------+-------+------------+-----------------+
; Data Port ; Clock Port ; Rise  ; Fall  ; Clock Edge ; Clock Reference ;
+-----------+------------+-------+-------+------------+-----------------+
; reset     ; clk        ; 3.143 ; 3.210 ; Rise       ; clk             ;
+-----------+------------+-------+-------+------------+-----------------+


+-------------------------------------------------------------------------+
; Hold Times                                                              ;
+-----------+------------+--------+--------+------------+-----------------+
; Data Port ; Clock Port ; Rise   ; Fall   ; Clock Edge ; Clock Reference ;
+-----------+------------+--------+--------+------------+-----------------+
; reset     ; clk        ; -2.613 ; -2.651 ; Rise       ; clk             ;
+-----------+------------+--------+--------+------------+-----------------+


+-----------------------------------------------------------------------+
; Clock to Output Times                                                 ;
+-----------+------------+-------+-------+------------+-----------------+
; Data Port ; Clock Port ; Rise  ; Fall  ; Clock Edge ; Clock Reference ;
+-----------+------------+-------+-------+------------+-----------------+
; out[*]    ; clk        ; 7.163 ; 7.517 ; Rise       ; clk             ;
;  out[0]   ; clk        ; 6.915 ; 6.991 ; Rise       ; clk             ;
;  out[1]   ; clk        ; 6.463 ; 6.639 ; Rise       ; clk             ;
;  out[2]   ; clk        ; 6.974 ; 6.713 ; Rise       ; clk             ;
;  out[3]   ; clk        ; 6.447 ; 6.641 ; Rise       ; clk             ;
;  out[4]   ; clk        ; 5.585 ; 5.684 ; Rise       ; clk             ;
;  out[5]   ; clk        ; 6.884 ; 7.144 ; Rise       ; clk             ;
;  out[6]   ; clk        ; 7.163 ; 7.517 ; Rise       ; clk             ;
+-----------+------------+-------+-------+------------+-----------------+


+-----------------------------------------------------------------------+
; Minimum Clock to Output Times                                         ;
+-----------+------------+-------+-------+------------+-----------------+
; Data Port ; Clock Port ; Rise  ; Fall  ; Clock Edge ; Clock Reference ;
+-----------+------------+-------+-------+------------+-----------------+
; out[*]    ; clk        ; 5.477 ; 5.573 ; Rise       ; clk             ;
;  out[0]   ; clk        ; 6.509 ; 6.689 ; Rise       ; clk             ;
;  out[1]   ; clk        ; 6.119 ; 6.275 ; Rise       ; clk             ;
;  out[2]   ; clk        ; 6.631 ; 6.490 ; Rise       ; clk             ;
;  out[3]   ; clk        ; 6.123 ; 6.297 ; Rise       ; clk             ;
;  out[4]   ; clk        ; 5.477 ; 5.573 ; Rise       ; clk             ;
;  out[5]   ; clk        ; 6.559 ; 6.817 ; Rise       ; clk             ;
;  out[6]   ; clk        ; 6.841 ; 7.181 ; Rise       ; clk             ;
+-----------+------------+-------+-------+------------+-----------------+


---------------------------------------------
; Slow 1200mV 0C Model Metastability Report ;
---------------------------------------------
No synchronizer chains to report.


+------------------------------------+
; Fast 1200mV 0C Model Setup Summary ;
+-------+-------+--------------------+
; Clock ; Slack ; End Point TNS      ;
+-------+-------+--------------------+
; clk   ; 0.596 ; 0.000              ;
+-------+-------+--------------------+


+-----------------------------------+
; Fast 1200mV 0C Model Hold Summary ;
+-------+-------+-------------------+
; Clock ; Slack ; End Point TNS     ;
+-------+-------+-------------------+
; clk   ; 0.208 ; 0.000             ;
+-------+-------+-------------------+


-----------------------------------------
; Fast 1200mV 0C Model Recovery Summary ;
-----------------------------------------
No paths to report.


----------------------------------------
; Fast 1200mV 0C Model Removal Summary ;
----------------------------------------
No paths to report.


+--------------------------------------------------+
; Fast 1200mV 0C Model Minimum Pulse Width Summary ;
+-------+--------+---------------------------------+
; Clock ; Slack  ; End Point TNS                   ;
+-------+--------+---------------------------------+
; clk   ; -3.000 ; -13.790                         ;
+-------+--------+---------------------------------+


+----------------------------------------------------------------------------------------------------+
; Fast 1200mV 0C Model Setup: 'clk'                                                                  ;
+-------+-----------+----------+--------------+-------------+--------------+------------+------------+
; Slack ; From Node ; To Node  ; Launch Clock ; Latch Clock ; Relationship ; Clock Skew ; Data Delay ;
+-------+-----------+----------+--------------+-------------+--------------+------------+------------+
; 0.596 ; state.S8  ; state.S9 ; clk          ; clk         ; 1.000        ; -0.025     ; 0.386      ;
; 0.597 ; state.S1  ; state.S2 ; clk          ; clk         ; 1.000        ; -0.025     ; 0.385      ;
; 0.597 ; state.S2  ; state.S3 ; clk          ; clk         ; 1.000        ; -0.025     ; 0.385      ;
; 0.597 ; state.S4  ; state.S5 ; clk          ; clk         ; 1.000        ; -0.025     ; 0.385      ;
; 0.597 ; state.S5  ; state.S6 ; clk          ; clk         ; 1.000        ; -0.025     ; 0.385      ;
; 0.597 ; state.S7  ; state.S8 ; clk          ; clk         ; 1.000        ; -0.025     ; 0.385      ;
; 0.598 ; state.S3  ; state.S4 ; clk          ; clk         ; 1.000        ; -0.025     ; 0.384      ;
; 0.598 ; state.S6  ; state.S7 ; clk          ; clk         ; 1.000        ; -0.025     ; 0.384      ;
; 0.599 ; state.S0  ; state.S1 ; clk          ; clk         ; 1.000        ; -0.025     ; 0.383      ;
; 0.615 ; state.S9  ; state.S0 ; clk          ; clk         ; 1.000        ; -0.025     ; 0.367      ;
+-------+-----------+----------+--------------+-------------+--------------+------------+------------+


+----------------------------------------------------------------------------------------------------+
; Fast 1200mV 0C Model Hold: 'clk'                                                                   ;
+-------+-----------+----------+--------------+-------------+--------------+------------+------------+
; Slack ; From Node ; To Node  ; Launch Clock ; Latch Clock ; Relationship ; Clock Skew ; Data Delay ;
+-------+-----------+----------+--------------+-------------+--------------+------------+------------+
; 0.208 ; state.S9  ; state.S0 ; clk          ; clk         ; 0.000        ; 0.025      ; 0.317      ;
; 0.216 ; state.S2  ; state.S3 ; clk          ; clk         ; 0.000        ; 0.025      ; 0.325      ;
; 0.216 ; state.S3  ; state.S4 ; clk          ; clk         ; 0.000        ; 0.025      ; 0.325      ;
; 0.216 ; state.S5  ; state.S6 ; clk          ; clk         ; 0.000        ; 0.025      ; 0.325      ;
; 0.216 ; state.S6  ; state.S7 ; clk          ; clk         ; 0.000        ; 0.025      ; 0.325      ;
; 0.217 ; state.S1  ; state.S2 ; clk          ; clk         ; 0.000        ; 0.025      ; 0.326      ;
; 0.217 ; state.S4  ; state.S5 ; clk          ; clk         ; 0.000        ; 0.025      ; 0.326      ;
; 0.217 ; state.S7  ; state.S8 ; clk          ; clk         ; 0.000        ; 0.025      ; 0.326      ;
; 0.218 ; state.S8  ; state.S9 ; clk          ; clk         ; 0.000        ; 0.025      ; 0.327      ;
; 0.223 ; state.S0  ; state.S1 ; clk          ; clk         ; 0.000        ; 0.025      ; 0.332      ;
+-------+-----------+----------+--------------+-------------+--------------+------------+------------+


+-----------------------------------------------------------------------------------------------+
; Fast 1200mV 0C Model Minimum Pulse Width: 'clk'                                               ;
+--------+--------------+----------------+------------------+-------+------------+--------------+
; Slack  ; Actual Width ; Required Width ; Type             ; Clock ; Clock Edge ; Target       ;
+--------+--------------+----------------+------------------+-------+------------+--------------+
; -3.000 ; 1.000        ; 4.000          ; Port Rate        ; clk   ; Rise       ; clk          ;
; -1.000 ; 1.000        ; 2.000          ; Min Period       ; clk   ; Rise       ; state.S0     ;
; -1.000 ; 1.000        ; 2.000          ; Min Period       ; clk   ; Rise       ; state.S1     ;
; -1.000 ; 1.000        ; 2.000          ; Min Period       ; clk   ; Rise       ; state.S2     ;
; -1.000 ; 1.000        ; 2.000          ; Min Period       ; clk   ; Rise       ; state.S3     ;
; -1.000 ; 1.000        ; 2.000          ; Min Period       ; clk   ; Rise       ; state.S4     ;
; -1.000 ; 1.000        ; 2.000          ; Min Period       ; clk   ; Rise       ; state.S5     ;
; -1.000 ; 1.000        ; 2.000          ; Min Period       ; clk   ; Rise       ; state.S6     ;
; -1.000 ; 1.000        ; 2.000          ; Min Period       ; clk   ; Rise       ; state.S7     ;
; -1.000 ; 1.000        ; 2.000          ; Min Period       ; clk   ; Rise       ; state.S8     ;
; -1.000 ; 1.000        ; 2.000          ; Min Period       ; clk   ; Rise       ; state.S9     ;
; -0.079 ; 0.105        ; 0.184          ; Low Pulse Width  ; clk   ; Rise       ; state.S0     ;
; -0.079 ; 0.105        ; 0.184          ; Low Pulse Width  ; clk   ; Rise       ; state.S1     ;
; -0.079 ; 0.105        ; 0.184          ; Low Pulse Width  ; clk   ; Rise       ; state.S2     ;
; -0.079 ; 0.105        ; 0.184          ; Low Pulse Width  ; clk   ; Rise       ; state.S3     ;
; -0.079 ; 0.105        ; 0.184          ; Low Pulse Width  ; clk   ; Rise       ; state.S4     ;
; -0.079 ; 0.105        ; 0.184          ; Low Pulse Width  ; clk   ; Rise       ; state.S5     ;
; -0.079 ; 0.105        ; 0.184          ; Low Pulse Width  ; clk   ; Rise       ; state.S6     ;
; -0.079 ; 0.105        ; 0.184          ; Low Pulse Width  ; clk   ; Rise       ; state.S7     ;
; -0.079 ; 0.105        ; 0.184          ; Low Pulse Width  ; clk   ; Rise       ; state.S8     ;
; -0.079 ; 0.105        ; 0.184          ; Low Pulse Width  ; clk   ; Rise       ; state.S9     ;
; 0.100  ; 0.100        ; 0.000          ; Low Pulse Width  ; clk   ; Rise       ; state.S0|clk ;
; 0.100  ; 0.100        ; 0.000          ; Low Pulse Width  ; clk   ; Rise       ; state.S1|clk ;
; 0.100  ; 0.100        ; 0.000          ; Low Pulse Width  ; clk   ; Rise       ; state.S2|clk ;
; 0.100  ; 0.100        ; 0.000          ; Low Pulse Width  ; clk   ; Rise       ; state.S3|clk ;
; 0.100  ; 0.100        ; 0.000          ; Low Pulse Width  ; clk   ; Rise       ; state.S4|clk ;
; 0.100  ; 0.100        ; 0.000          ; Low Pulse Width  ; clk   ; Rise       ; state.S5|clk ;
; 0.100  ; 0.100        ; 0.000          ; Low Pulse Width  ; clk   ; Rise       ; state.S6|clk ;
; 0.100  ; 0.100        ; 0.000          ; Low Pulse Width  ; clk   ; Rise       ; state.S7|clk ;
; 0.100  ; 0.100        ; 0.000          ; Low Pulse Width  ; clk   ; Rise       ; state.S8|clk ;
; 0.100  ; 0.100        ; 0.000          ; Low Pulse Width  ; clk   ; Rise       ; state.S9|clk ;
; 0.123  ; 0.123        ; 0.000          ; Low Pulse Width  ; clk   ; Rise       ; clk~input|o  ;
; 0.500  ; 0.500        ; 0.000          ; High Pulse Width ; clk   ; Rise       ; clk~input|i  ;
; 0.500  ; 0.500        ; 0.000          ; Low Pulse Width  ; clk   ; Rise       ; clk~input|i  ;
; 0.678  ; 0.894        ; 0.216          ; High Pulse Width ; clk   ; Rise       ; state.S0     ;
; 0.678  ; 0.894        ; 0.216          ; High Pulse Width ; clk   ; Rise       ; state.S1     ;
; 0.678  ; 0.894        ; 0.216          ; High Pulse Width ; clk   ; Rise       ; state.S2     ;
; 0.678  ; 0.894        ; 0.216          ; High Pulse Width ; clk   ; Rise       ; state.S3     ;
; 0.678  ; 0.894        ; 0.216          ; High Pulse Width ; clk   ; Rise       ; state.S4     ;
; 0.678  ; 0.894        ; 0.216          ; High Pulse Width ; clk   ; Rise       ; state.S5     ;
; 0.678  ; 0.894        ; 0.216          ; High Pulse Width ; clk   ; Rise       ; state.S6     ;
; 0.678  ; 0.894        ; 0.216          ; High Pulse Width ; clk   ; Rise       ; state.S7     ;
; 0.678  ; 0.894        ; 0.216          ; High Pulse Width ; clk   ; Rise       ; state.S8     ;
; 0.678  ; 0.894        ; 0.216          ; High Pulse Width ; clk   ; Rise       ; state.S9     ;
; 0.877  ; 0.877        ; 0.000          ; High Pulse Width ; clk   ; Rise       ; clk~input|o  ;
; 0.899  ; 0.899        ; 0.000          ; High Pulse Width ; clk   ; Rise       ; state.S0|clk ;
; 0.899  ; 0.899        ; 0.000          ; High Pulse Width ; clk   ; Rise       ; state.S1|clk ;
; 0.899  ; 0.899        ; 0.000          ; High Pulse Width ; clk   ; Rise       ; state.S2|clk ;
; 0.899  ; 0.899        ; 0.000          ; High Pulse Width ; clk   ; Rise       ; state.S3|clk ;
; 0.899  ; 0.899        ; 0.000          ; High Pulse Width ; clk   ; Rise       ; state.S4|clk ;
; 0.899  ; 0.899        ; 0.000          ; High Pulse Width ; clk   ; Rise       ; state.S5|clk ;
; 0.899  ; 0.899        ; 0.000          ; High Pulse Width ; clk   ; Rise       ; state.S6|clk ;
; 0.899  ; 0.899        ; 0.000          ; High Pulse Width ; clk   ; Rise       ; state.S7|clk ;
; 0.899  ; 0.899        ; 0.000          ; High Pulse Width ; clk   ; Rise       ; state.S8|clk ;
; 0.899  ; 0.899        ; 0.000          ; High Pulse Width ; clk   ; Rise       ; state.S9|clk ;
+--------+--------------+----------------+------------------+-------+------------+--------------+


+-----------------------------------------------------------------------+
; Setup Times                                                           ;
+-----------+------------+-------+-------+------------+-----------------+
; Data Port ; Clock Port ; Rise  ; Fall  ; Clock Edge ; Clock Reference ;
+-----------+------------+-------+-------+------------+-----------------+
; reset     ; clk        ; 1.700 ; 2.360 ; Rise       ; clk             ;
+-----------+------------+-------+-------+------------+-----------------+


+-------------------------------------------------------------------------+
; Hold Times                                                              ;
+-----------+------------+--------+--------+------------+-----------------+
; Data Port ; Clock Port ; Rise   ; Fall   ; Clock Edge ; Clock Reference ;
+-----------+------------+--------+--------+------------+-----------------+
; reset     ; clk        ; -1.445 ; -2.073 ; Rise       ; clk             ;
+-----------+------------+--------+--------+------------+-----------------+


+-----------------------------------------------------------------------+
; Clock to Output Times                                                 ;
+-----------+------------+-------+-------+------------+-----------------+
; Data Port ; Clock Port ; Rise  ; Fall  ; Clock Edge ; Clock Reference ;
+-----------+------------+-------+-------+------------+-----------------+
; out[*]    ; clk        ; 3.607 ; 3.442 ; Rise       ; clk             ;
;  out[0]   ; clk        ; 3.405 ; 3.328 ; Rise       ; clk             ;
;  out[1]   ; clk        ; 3.202 ; 3.073 ; Rise       ; clk             ;
;  out[2]   ; clk        ; 3.223 ; 3.353 ; Rise       ; clk             ;
;  out[3]   ; clk        ; 3.200 ; 3.076 ; Rise       ; clk             ;
;  out[4]   ; clk        ; 2.774 ; 2.691 ; Rise       ; clk             ;
;  out[5]   ; clk        ; 3.429 ; 3.285 ; Rise       ; clk             ;
;  out[6]   ; clk        ; 3.607 ; 3.442 ; Rise       ; clk             ;
+-----------+------------+-------+-------+------------+-----------------+


+-----------------------------------------------------------------------+
; Minimum Clock to Output Times                                         ;
+-----------+------------+-------+-------+------------+-----------------+
; Data Port ; Clock Port ; Rise  ; Fall  ; Clock Edge ; Clock Reference ;
+-----------+------------+-------+-------+------------+-----------------+
; out[*]    ; clk        ; 2.720 ; 2.639 ; Rise       ; clk             ;
;  out[0]   ; clk        ; 3.245 ; 3.110 ; Rise       ; clk             ;
;  out[1]   ; clk        ; 3.025 ; 2.907 ; Rise       ; clk             ;
;  out[2]   ; clk        ; 3.119 ; 3.169 ; Rise       ; clk             ;
;  out[3]   ; clk        ; 3.033 ; 2.921 ; Rise       ; clk             ;
;  out[4]   ; clk        ; 2.720 ; 2.639 ; Rise       ; clk             ;
;  out[5]   ; clk        ; 3.265 ; 3.139 ; Rise       ; clk             ;
;  out[6]   ; clk        ; 3.441 ; 3.293 ; Rise       ; clk             ;
+-----------+------------+-------+-------+------------+-----------------+


---------------------------------------------
; Fast 1200mV 0C Model Metastability Report ;
---------------------------------------------
No synchronizer chains to report.


+-----------------------------------------------------------------------------+
; Multicorner Timing Analysis Summary                                         ;
+------------------+-------+-------+----------+---------+---------------------+
; Clock            ; Setup ; Hold  ; Recovery ; Removal ; Minimum Pulse Width ;
+------------------+-------+-------+----------+---------+---------------------+
; Worst-case Slack ; 0.043 ; 0.208 ; N/A      ; N/A     ; -3.000              ;
;  clk             ; 0.043 ; 0.208 ; N/A      ; N/A     ; -3.000              ;
; Design-wide TNS  ; 0.0   ; 0.0   ; 0.0      ; 0.0     ; -17.87              ;
;  clk             ; 0.000 ; 0.000 ; N/A      ; N/A     ; -17.870             ;
+------------------+-------+-------+----------+---------+---------------------+


+-----------------------------------------------------------------------+
; Setup Times                                                           ;
+-----------+------------+-------+-------+------------+-----------------+
; Data Port ; Clock Port ; Rise  ; Fall  ; Clock Edge ; Clock Reference ;
+-----------+------------+-------+-------+------------+-----------------+
; reset     ; clk        ; 3.524 ; 3.789 ; Rise       ; clk             ;
+-----------+------------+-------+-------+------------+-----------------+


+-------------------------------------------------------------------------+
; Hold Times                                                              ;
+-----------+------------+--------+--------+------------+-----------------+
; Data Port ; Clock Port ; Rise   ; Fall   ; Clock Edge ; Clock Reference ;
+-----------+------------+--------+--------+------------+-----------------+
; reset     ; clk        ; -1.445 ; -2.073 ; Rise       ; clk             ;
+-----------+------------+--------+--------+------------+-----------------+


+-----------------------------------------------------------------------+
; Clock to Output Times                                                 ;
+-----------+------------+-------+-------+------------+-----------------+
; Data Port ; Clock Port ; Rise  ; Fall  ; Clock Edge ; Clock Reference ;
+-----------+------------+-------+-------+------------+-----------------+
; out[*]    ; clk        ; 7.552 ; 7.724 ; Rise       ; clk             ;
;  out[0]   ; clk        ; 7.171 ; 7.269 ; Rise       ; clk             ;
;  out[1]   ; clk        ; 6.763 ; 6.835 ; Rise       ; clk             ;
;  out[2]   ; clk        ; 7.186 ; 7.039 ; Rise       ; clk             ;
;  out[3]   ; clk        ; 6.758 ; 6.837 ; Rise       ; clk             ;
;  out[4]   ; clk        ; 5.791 ; 5.836 ; Rise       ; clk             ;
;  out[5]   ; clk        ; 7.241 ; 7.346 ; Rise       ; clk             ;
;  out[6]   ; clk        ; 7.552 ; 7.724 ; Rise       ; clk             ;
+-----------+------------+-------+-------+------------+-----------------+


+-----------------------------------------------------------------------+
; Minimum Clock to Output Times                                         ;
+-----------+------------+-------+-------+------------+-----------------+
; Data Port ; Clock Port ; Rise  ; Fall  ; Clock Edge ; Clock Reference ;
+-----------+------------+-------+-------+------------+-----------------+
; out[*]    ; clk        ; 2.720 ; 2.639 ; Rise       ; clk             ;
;  out[0]   ; clk        ; 3.245 ; 3.110 ; Rise       ; clk             ;
;  out[1]   ; clk        ; 3.025 ; 2.907 ; Rise       ; clk             ;
;  out[2]   ; clk        ; 3.119 ; 3.169 ; Rise       ; clk             ;
;  out[3]   ; clk        ; 3.033 ; 2.921 ; Rise       ; clk             ;
;  out[4]   ; clk        ; 2.720 ; 2.639 ; Rise       ; clk             ;
;  out[5]   ; clk        ; 3.265 ; 3.139 ; Rise       ; clk             ;
;  out[6]   ; clk        ; 3.441 ; 3.293 ; Rise       ; clk             ;
+-----------+------------+-------+-------+------------+-----------------+


+------------------------------------------------------------------------------------------------------------------------------------------------------------------------------------------------------------------------------------------------------------------------------------------------------------------------------------------------------------------------------------------------------------------+
; Board Trace Model Assignments                                                                                                                                                                                                                                                                                                                                                                                    ;
+---------------+--------------+-------------------+-------------------------+-------------------------+---------------+---------------------+----------------+------------------+--------+------------------+------------------------+------------------------+--------------+---------------+-----------------+-------+---------------------+--------------------+---------------+-----------------+-------------+
; Pin           ; I/O Standard ; Near Tline Length ; Near Tline L per Length ; Near Tline C per Length ; Near Series R ; Near Differential R ; Near Pull-up R ; Near Pull-down R ; Near C ; Far Tline Length ; Far Tline L per Length ; Far Tline C per Length ; Far Series R ; Far Pull-up R ; Far Pull-down R ; Far C ; Termination Voltage ; Far Differential R ; EBD File Name ; EBD Signal Name ; EBD Far-end ;
+---------------+--------------+-------------------+-------------------------+-------------------------+---------------+---------------------+----------------+------------------+--------+------------------+------------------------+------------------------+--------------+---------------+-----------------+-------+---------------------+--------------------+---------------+-----------------+-------------+
; out[0]        ; 2.5 V        ; 0 in              ; 0 H/in                  ; 0 F/in                  ; short         ; -                   ; open           ; open             ; open   ; 0 in             ; 0 H/in                 ; 0 F/in                 ; short        ; open          ; open            ; open  ; 0 V                 ; -                  ; n/a           ; n/a             ; n/a         ;
; out[1]        ; 2.5 V        ; 0 in              ; 0 H/in                  ; 0 F/in                  ; short         ; -                   ; open           ; open             ; open   ; 0 in             ; 0 H/in                 ; 0 F/in                 ; short        ; open          ; open            ; open  ; 0 V                 ; -                  ; n/a           ; n/a             ; n/a         ;
; out[2]        ; 2.5 V        ; 0 in              ; 0 H/in                  ; 0 F/in                  ; short         ; -                   ; open           ; open             ; open   ; 0 in             ; 0 H/in                 ; 0 F/in                 ; short        ; open          ; open            ; open  ; 0 V                 ; -                  ; n/a           ; n/a             ; n/a         ;
; out[3]        ; 2.5 V        ; 0 in              ; 0 H/in                  ; 0 F/in                  ; short         ; -                   ; open           ; open             ; open   ; 0 in             ; 0 H/in                 ; 0 F/in                 ; short        ; open          ; open            ; open  ; 0 V                 ; -                  ; n/a           ; n/a             ; n/a         ;
; out[4]        ; 2.5 V        ; 0 in              ; 0 H/in                  ; 0 F/in                  ; short         ; -                   ; open           ; open             ; open   ; 0 in             ; 0 H/in                 ; 0 F/in                 ; short        ; open          ; open            ; open  ; 0 V                 ; -                  ; n/a           ; n/a             ; n/a         ;
; out[5]        ; 2.5 V        ; 0 in              ; 0 H/in                  ; 0 F/in                  ; short         ; -                   ; open           ; open             ; open   ; 0 in             ; 0 H/in                 ; 0 F/in                 ; short        ; open          ; open            ; open  ; 0 V                 ; -                  ; n/a           ; n/a             ; n/a         ;
; out[6]        ; 2.5 V        ; 0 in              ; 0 H/in                  ; 0 F/in                  ; short         ; -                   ; open           ; open             ; open   ; 0 in             ; 0 H/in                 ; 0 F/in                 ; short        ; open          ; open            ; open  ; 0 V                 ; -                  ; n/a           ; n/a             ; n/a         ;
; sel           ; 2.5 V        ; 0 in              ; 0 H/in                  ; 0 F/in                  ; short         ; -                   ; open           ; open             ; open   ; 0 in             ; 0 H/in                 ; 0 F/in                 ; short        ; open          ; open            ; open  ; 0 V                 ; -                  ; n/a           ; n/a             ; n/a         ;
; ~ALTERA_DCLK~ ; 2.5 V        ; 0 in              ; 0 H/in                  ; 0 F/in                  ; short         ; -                   ; open           ; open             ; open   ; 0 in             ; 0 H/in                 ; 0 F/in                 ; short        ; open          ; open            ; open  ; 0 V                 ; -                  ; n/a           ; n/a             ; n/a         ;
; ~ALTERA_nCEO~ ; 2.5 V        ; 0 in              ; 0 H/in                  ; 0 F/in                  ; short         ; -                   ; open           ; open             ; open   ; 0 in             ; 0 H/in                 ; 0 F/in                 ; short        ; open          ; open            ; open  ; 0 V                 ; -                  ; n/a           ; n/a             ; n/a         ;
+---------------+--------------+-------------------+-------------------------+-------------------------+---------------+---------------------+----------------+------------------+--------+------------------+------------------------+------------------------+--------------+---------------+-----------------+-------+---------------------+--------------------+---------------+-----------------+-------------+


+----------------------------------------------------------------------------+
; Input Transition Times                                                     ;
+-------------------------+--------------+-----------------+-----------------+
; Pin                     ; I/O Standard ; 10-90 Rise Time ; 90-10 Fall Time ;
+-------------------------+--------------+-----------------+-----------------+
; reset                   ; 2.5 V        ; 2000 ps         ; 2000 ps         ;
; clk                     ; 2.5 V        ; 2000 ps         ; 2000 ps         ;
; ~ALTERA_ASDO_DATA1~     ; 2.5 V        ; 2000 ps         ; 2000 ps         ;
; ~ALTERA_FLASH_nCE_nCSO~ ; 2.5 V        ; 2000 ps         ; 2000 ps         ;
; ~ALTERA_DATA0~          ; 2.5 V        ; 2000 ps         ; 2000 ps         ;
+-------------------------+--------------+-----------------+-----------------+


+--------------------------------------------------------------------------------------------------------------------------------------------------------------------------------------------------------------------------------------------------------------------------------------------------------------------------------------------------------------------------------------------------------------------------------------------------------------------------------------------------------------------------------------------------------------------------------------------------------------------------------------------------------------------------------------------+
; Slow Corner Signal Integrity Metrics                                                                                                                                                                                                                                                                                                                                                                                                                                                                                                                                                                                                                                                       ;
+---------------+--------------+---------------------+---------------------+------------------------------+------------------------------+---------------------+---------------------+--------------------------------------+--------------------------------------+-----------------------------+-----------------------------+----------------------------+----------------------------+-----------------------------+-----------------------------+--------------------+--------------------+-------------------------------------+-------------------------------------+----------------------------+----------------------------+---------------------------+---------------------------+
; Pin           ; I/O Standard ; Board Delay on Rise ; Board Delay on Fall ; Steady State Voh at FPGA Pin ; Steady State Vol at FPGA Pin ; Voh Max at FPGA Pin ; Vol Min at FPGA Pin ; Ringback Voltage on Rise at FPGA Pin ; Ringback Voltage on Fall at FPGA Pin ; 10-90 Rise Time at FPGA Pin ; 90-10 Fall Time at FPGA Pin ; Monotonic Rise at FPGA Pin ; Monotonic Fall at FPGA Pin ; Steady State Voh at Far-end ; Steady State Vol at Far-end ; Voh Max at Far-end ; Vol Min at Far-end ; Ringback Voltage on Rise at Far-end ; Ringback Voltage on Fall at Far-end ; 10-90 Rise Time at Far-end ; 90-10 Fall Time at Far-end ; Monotonic Rise at Far-end ; Monotonic Fall at Far-end ;
+---------------+--------------+---------------------+---------------------+------------------------------+------------------------------+---------------------+---------------------+--------------------------------------+--------------------------------------+-----------------------------+-----------------------------+----------------------------+----------------------------+-----------------------------+-----------------------------+--------------------+--------------------+-------------------------------------+-------------------------------------+----------------------------+----------------------------+---------------------------+---------------------------+
; out[0]        ; 2.5 V        ; 0 s                 ; 0 s                 ; 2.32 V                       ; 1.91e-07 V                   ; 2.34 V              ; -0.00824 V          ; 0.139 V                              ; 0.044 V                              ; 6.89e-10 s                  ; 6.56e-10 s                  ; Yes                        ; Yes                        ; 2.32 V                      ; 1.91e-07 V                  ; 2.34 V             ; -0.00824 V         ; 0.139 V                             ; 0.044 V                             ; 6.89e-10 s                 ; 6.56e-10 s                 ; Yes                       ; Yes                       ;
; out[1]        ; 2.5 V        ; 0 s                 ; 0 s                 ; 2.32 V                       ; 1.91e-07 V                   ; 2.34 V              ; -0.00824 V          ; 0.139 V                              ; 0.044 V                              ; 6.89e-10 s                  ; 6.56e-10 s                  ; Yes                        ; Yes                        ; 2.32 V                      ; 1.91e-07 V                  ; 2.34 V             ; -0.00824 V         ; 0.139 V                             ; 0.044 V                             ; 6.89e-10 s                 ; 6.56e-10 s                 ; Yes                       ; Yes                       ;
; out[2]        ; 2.5 V        ; 0 s                 ; 0 s                 ; 2.32 V                       ; 1.91e-07 V                   ; 2.34 V              ; -0.00824 V          ; 0.139 V                              ; 0.044 V                              ; 6.89e-10 s                  ; 6.56e-10 s                  ; Yes                        ; Yes                        ; 2.32 V                      ; 1.91e-07 V                  ; 2.34 V             ; -0.00824 V         ; 0.139 V                             ; 0.044 V                             ; 6.89e-10 s                 ; 6.56e-10 s                 ; Yes                       ; Yes                       ;
; out[3]        ; 2.5 V        ; 0 s                 ; 0 s                 ; 2.32 V                       ; 1.91e-07 V                   ; 2.34 V              ; -0.00824 V          ; 0.139 V                              ; 0.044 V                              ; 6.89e-10 s                  ; 6.56e-10 s                  ; Yes                        ; Yes                        ; 2.32 V                      ; 1.91e-07 V                  ; 2.34 V             ; -0.00824 V         ; 0.139 V                             ; 0.044 V                             ; 6.89e-10 s                 ; 6.56e-10 s                 ; Yes                       ; Yes                       ;
; out[4]        ; 2.5 V        ; 0 s                 ; 0 s                 ; 2.32 V                       ; 1.91e-07 V                   ; 2.34 V              ; -0.00824 V          ; 0.139 V                              ; 0.044 V                              ; 6.89e-10 s                  ; 6.56e-10 s                  ; Yes                        ; Yes                        ; 2.32 V                      ; 1.91e-07 V                  ; 2.34 V             ; -0.00824 V         ; 0.139 V                             ; 0.044 V                             ; 6.89e-10 s                 ; 6.56e-10 s                 ; Yes                       ; Yes                       ;
; out[5]        ; 2.5 V        ; 0 s                 ; 0 s                 ; 2.32 V                       ; 1.91e-07 V                   ; 2.35 V              ; -0.00711 V          ; 0.126 V                              ; 0.012 V                              ; 4.7e-10 s                   ; 4.63e-10 s                  ; Yes                        ; Yes                        ; 2.32 V                      ; 1.91e-07 V                  ; 2.35 V             ; -0.00711 V         ; 0.126 V                             ; 0.012 V                             ; 4.7e-10 s                  ; 4.63e-10 s                 ; Yes                       ; Yes                       ;
; out[6]        ; 2.5 V        ; 0 s                 ; 0 s                 ; 2.32 V                       ; 2.84e-07 V                   ; 2.35 V              ; -0.0105 V           ; 0.143 V                              ; 0.041 V                              ; 4.81e-10 s                  ; 4.81e-10 s                  ; Yes                        ; Yes                        ; 2.32 V                      ; 2.84e-07 V                  ; 2.35 V             ; -0.0105 V          ; 0.143 V                             ; 0.041 V                             ; 4.81e-10 s                 ; 4.81e-10 s                 ; Yes                       ; Yes                       ;
; sel           ; 2.5 V        ; 0 s                 ; 0 s                 ; 2.32 V                       ; 2.84e-07 V                   ; 2.35 V              ; -0.0105 V           ; 0.143 V                              ; 0.041 V                              ; 4.81e-10 s                  ; 4.81e-10 s                  ; Yes                        ; Yes                        ; 2.32 V                      ; 2.84e-07 V                  ; 2.35 V             ; -0.0105 V          ; 0.143 V                             ; 0.041 V                             ; 4.81e-10 s                 ; 4.81e-10 s                 ; Yes                       ; Yes                       ;
; ~ALTERA_DCLK~ ; 2.5 V        ; 0 s                 ; 0 s                 ; 2.32 V                       ; 1.53e-07 V                   ; 2.35 V              ; -0.00333 V          ; 0.096 V                              ; 0.006 V                              ; 4.5e-10 s                   ; 3.85e-10 s                  ; Yes                        ; Yes                        ; 2.32 V                      ; 1.53e-07 V                  ; 2.35 V             ; -0.00333 V         ; 0.096 V                             ; 0.006 V                             ; 4.5e-10 s                  ; 3.85e-10 s                 ; Yes                       ; Yes                       ;
; ~ALTERA_nCEO~ ; 2.5 V        ; 0 s                 ; 0 s                 ; 2.32 V                       ; 2.51e-07 V                   ; 2.34 V              ; -0.00699 V          ; 0.108 V                              ; 0.027 V                              ; 6.58e-10 s                  ; 8.2e-10 s                   ; Yes                        ; Yes                        ; 2.32 V                      ; 2.51e-07 V                  ; 2.34 V             ; -0.00699 V         ; 0.108 V                             ; 0.027 V                             ; 6.58e-10 s                 ; 8.2e-10 s                  ; Yes                       ; Yes                       ;
+---------------+--------------+---------------------+---------------------+------------------------------+------------------------------+---------------------+---------------------+--------------------------------------+--------------------------------------+-----------------------------+-----------------------------+----------------------------+----------------------------+-----------------------------+-----------------------------+--------------------+--------------------+-------------------------------------+-------------------------------------+----------------------------+----------------------------+---------------------------+---------------------------+


+--------------------------------------------------------------------------------------------------------------------------------------------------------------------------------------------------------------------------------------------------------------------------------------------------------------------------------------------------------------------------------------------------------------------------------------------------------------------------------------------------------------------------------------------------------------------------------------------------------------------------------------------------------------------------------------------+
; Fast Corner Signal Integrity Metrics                                                                                                                                                                                                                                                                                                                                                                                                                                                                                                                                                                                                                                                       ;
+---------------+--------------+---------------------+---------------------+------------------------------+------------------------------+---------------------+---------------------+--------------------------------------+--------------------------------------+-----------------------------+-----------------------------+----------------------------+----------------------------+-----------------------------+-----------------------------+--------------------+--------------------+-------------------------------------+-------------------------------------+----------------------------+----------------------------+---------------------------+---------------------------+
; Pin           ; I/O Standard ; Board Delay on Rise ; Board Delay on Fall ; Steady State Voh at FPGA Pin ; Steady State Vol at FPGA Pin ; Voh Max at FPGA Pin ; Vol Min at FPGA Pin ; Ringback Voltage on Rise at FPGA Pin ; Ringback Voltage on Fall at FPGA Pin ; 10-90 Rise Time at FPGA Pin ; 90-10 Fall Time at FPGA Pin ; Monotonic Rise at FPGA Pin ; Monotonic Fall at FPGA Pin ; Steady State Voh at Far-end ; Steady State Vol at Far-end ; Voh Max at Far-end ; Vol Min at Far-end ; Ringback Voltage on Rise at Far-end ; Ringback Voltage on Fall at Far-end ; 10-90 Rise Time at Far-end ; 90-10 Fall Time at Far-end ; Monotonic Rise at Far-end ; Monotonic Fall at Far-end ;
+---------------+--------------+---------------------+---------------------+------------------------------+------------------------------+---------------------+---------------------+--------------------------------------+--------------------------------------+-----------------------------+-----------------------------+----------------------------+----------------------------+-----------------------------+-----------------------------+--------------------+--------------------+-------------------------------------+-------------------------------------+----------------------------+----------------------------+---------------------------+---------------------------+
; out[0]        ; 2.5 V        ; 0 s                 ; 0 s                 ; 2.62 V                       ; 2.7e-08 V                    ; 2.71 V              ; -0.0354 V           ; 0.148 V                              ; 0.064 V                              ; 4.51e-10 s                  ; 4.14e-10 s                  ; No                         ; Yes                        ; 2.62 V                      ; 2.7e-08 V                   ; 2.71 V             ; -0.0354 V          ; 0.148 V                             ; 0.064 V                             ; 4.51e-10 s                 ; 4.14e-10 s                 ; No                        ; Yes                       ;
; out[1]        ; 2.5 V        ; 0 s                 ; 0 s                 ; 2.62 V                       ; 2.7e-08 V                    ; 2.71 V              ; -0.0354 V           ; 0.148 V                              ; 0.064 V                              ; 4.51e-10 s                  ; 4.14e-10 s                  ; No                         ; Yes                        ; 2.62 V                      ; 2.7e-08 V                   ; 2.71 V             ; -0.0354 V          ; 0.148 V                             ; 0.064 V                             ; 4.51e-10 s                 ; 4.14e-10 s                 ; No                        ; Yes                       ;
; out[2]        ; 2.5 V        ; 0 s                 ; 0 s                 ; 2.62 V                       ; 2.7e-08 V                    ; 2.71 V              ; -0.0354 V           ; 0.148 V                              ; 0.064 V                              ; 4.51e-10 s                  ; 4.14e-10 s                  ; No                         ; Yes                        ; 2.62 V                      ; 2.7e-08 V                   ; 2.71 V             ; -0.0354 V          ; 0.148 V                             ; 0.064 V                             ; 4.51e-10 s                 ; 4.14e-10 s                 ; No                        ; Yes                       ;
; out[3]        ; 2.5 V        ; 0 s                 ; 0 s                 ; 2.62 V                       ; 2.7e-08 V                    ; 2.71 V              ; -0.0354 V           ; 0.148 V                              ; 0.064 V                              ; 4.51e-10 s                  ; 4.14e-10 s                  ; No                         ; Yes                        ; 2.62 V                      ; 2.7e-08 V                   ; 2.71 V             ; -0.0354 V          ; 0.148 V                             ; 0.064 V                             ; 4.51e-10 s                 ; 4.14e-10 s                 ; No                        ; Yes                       ;
; out[4]        ; 2.5 V        ; 0 s                 ; 0 s                 ; 2.62 V                       ; 2.7e-08 V                    ; 2.71 V              ; -0.0354 V           ; 0.148 V                              ; 0.064 V                              ; 4.51e-10 s                  ; 4.14e-10 s                  ; No                         ; Yes                        ; 2.62 V                      ; 2.7e-08 V                   ; 2.71 V             ; -0.0354 V          ; 0.148 V                             ; 0.064 V                             ; 4.51e-10 s                 ; 4.14e-10 s                 ; No                        ; Yes                       ;
; out[5]        ; 2.5 V        ; 0 s                 ; 0 s                 ; 2.62 V                       ; 2.7e-08 V                    ; 2.72 V              ; -0.0401 V           ; 0.163 V                              ; 0.091 V                              ; 2.71e-10 s                  ; 2.61e-10 s                  ; Yes                        ; Yes                        ; 2.62 V                      ; 2.7e-08 V                   ; 2.72 V             ; -0.0401 V          ; 0.163 V                             ; 0.091 V                             ; 2.71e-10 s                 ; 2.61e-10 s                 ; Yes                       ; Yes                       ;
; out[6]        ; 2.5 V        ; 0 s                 ; 0 s                 ; 2.62 V                       ; 4.02e-08 V                   ; 2.71 V              ; -0.0354 V           ; 0.174 V                              ; 0.098 V                              ; 2.73e-10 s                  ; 2.69e-10 s                  ; Yes                        ; Yes                        ; 2.62 V                      ; 4.02e-08 V                  ; 2.71 V             ; -0.0354 V          ; 0.174 V                             ; 0.098 V                             ; 2.73e-10 s                 ; 2.69e-10 s                 ; Yes                       ; Yes                       ;
; sel           ; 2.5 V        ; 0 s                 ; 0 s                 ; 2.62 V                       ; 4.02e-08 V                   ; 2.71 V              ; -0.0354 V           ; 0.174 V                              ; 0.098 V                              ; 2.73e-10 s                  ; 2.69e-10 s                  ; Yes                        ; Yes                        ; 2.62 V                      ; 4.02e-08 V                  ; 2.71 V             ; -0.0354 V          ; 0.174 V                             ; 0.098 V                             ; 2.73e-10 s                 ; 2.69e-10 s                 ; Yes                       ; Yes                       ;
; ~ALTERA_DCLK~ ; 2.5 V        ; 0 s                 ; 0 s                 ; 2.62 V                       ; 2.2e-08 V                    ; 2.74 V              ; -0.061 V            ; 0.159 V                              ; 0.078 V                              ; 2.7e-10 s                   ; 2.2e-10 s                   ; No                         ; Yes                        ; 2.62 V                      ; 2.2e-08 V                   ; 2.74 V             ; -0.061 V           ; 0.159 V                             ; 0.078 V                             ; 2.7e-10 s                  ; 2.2e-10 s                  ; No                        ; Yes                       ;
; ~ALTERA_nCEO~ ; 2.5 V        ; 0 s                 ; 0 s                 ; 2.62 V                       ; 3.52e-08 V                   ; 2.7 V               ; -0.0121 V           ; 0.274 V                              ; 0.034 V                              ; 3.18e-10 s                  ; 4.96e-10 s                  ; No                         ; Yes                        ; 2.62 V                      ; 3.52e-08 V                  ; 2.7 V              ; -0.0121 V          ; 0.274 V                             ; 0.034 V                             ; 3.18e-10 s                 ; 4.96e-10 s                 ; No                        ; Yes                       ;
+---------------+--------------+---------------------+---------------------+------------------------------+------------------------------+---------------------+---------------------+--------------------------------------+--------------------------------------+-----------------------------+-----------------------------+----------------------------+----------------------------+-----------------------------+-----------------------------+--------------------+--------------------+-------------------------------------+-------------------------------------+----------------------------+----------------------------+---------------------------+---------------------------+


+-------------------------------------------------------------------+
; Setup Transfers                                                   ;
+------------+----------+----------+----------+----------+----------+
; From Clock ; To Clock ; RR Paths ; FR Paths ; RF Paths ; FF Paths ;
+------------+----------+----------+----------+----------+----------+
; clk        ; clk      ; 10       ; 0        ; 0        ; 0        ;
+------------+----------+----------+----------+----------+----------+
Entries labeled "false path" only account for clock-to-clock false paths and not path-based false paths. As a result, actual path counts may be lower than reported.


+-------------------------------------------------------------------+
; Hold Transfers                                                    ;
+------------+----------+----------+----------+----------+----------+
; From Clock ; To Clock ; RR Paths ; FR Paths ; RF Paths ; FF Paths ;
+------------+----------+----------+----------+----------+----------+
; clk        ; clk      ; 10       ; 0        ; 0        ; 0        ;
+------------+----------+----------+----------+----------+----------+
Entries labeled "false path" only account for clock-to-clock false paths and not path-based false paths. As a result, actual path counts may be lower than reported.


---------------
; Report TCCS ;
---------------
No dedicated SERDES Transmitter circuitry present in device or used in design


---------------
; Report RSKM ;
---------------
No dedicated SERDES Receiver circuitry present in device or used in design


+------------------------------------------------+
; Unconstrained Paths                            ;
+---------------------------------+-------+------+
; Property                        ; Setup ; Hold ;
+---------------------------------+-------+------+
; Illegal Clocks                  ; 0     ; 0    ;
; Unconstrained Clocks            ; 0     ; 0    ;
; Unconstrained Input Ports       ; 1     ; 1    ;
; Unconstrained Input Port Paths  ; 10    ; 10   ;
; Unconstrained Output Ports      ; 7     ; 7    ;
; Unconstrained Output Port Paths ; 19    ; 19   ;
+---------------------------------+-------+------+


+------------------------------------+
; TimeQuest Timing Analyzer Messages ;
+------------------------------------+
Info: *******************************************************************
Info: Running Quartus II 32-bit TimeQuest Timing Analyzer
    Info: Version 13.0.1 Build 232 06/12/2013 Service Pack 1 SJ Full Version
    Info: Processing started: Thu Nov 09 16:46:25 2017
Info: Command: quartus_sta FlowLED -c FlowLED
Info: qsta_default_script.tcl version: #1
Info (11104): Parallel Compilation has detected 4 hyper-threaded processors. However, the extra hyper-threaded processors will not be used by default. Parallel Compilation will use 2 of the 2 physical processors detected instead.
Info (21077): Low junction temperature is 0 degrees C
Info (21077): High junction temperature is 85 degrees C
Critical Warning (332012): Synopsys Design Constraints File file not found: 'FlowLED.sdc'. A Synopsys Design Constraints File is required by the TimeQuest Timing Analyzer to get proper timing constraints. Without it, the Compiler will not properly optimize the design.
Info (332142): No user constrained base clocks found in the design. Calling "derive_clocks -period 1.0"
Info (332105): Deriving Clocks
    Info (332105): create_clock -period 1.000 -name clk clk
Info (332143): No user constrained clock uncertainty found in the design. Calling "derive_clock_uncertainty"
Info (332154): The derive_clock_uncertainty command did not apply clock uncertainty to any clock-to-clock transfers.
Info: Found TIMEQUEST_REPORT_SCRIPT_INCLUDE_DEFAULT_ANALYSIS = ON
Info: Analyzing Slow 1200mV 85C Model
Info (332146): Worst-case setup slack is 0.043
    Info (332119):     Slack End Point TNS Clock 
    Info (332119): ========= ============= =====================
    Info (332119):     0.043         0.000 clk 
Info (332146): Worst-case hold slack is 0.509
    Info (332119):     Slack End Point TNS Clock 
    Info (332119): ========= ============= =====================
    Info (332119):     0.509         0.000 clk 
Info (332140): No Recovery paths to report
Info (332140): No Removal paths to report
Critical Warning (332148): Timing requirements not met
    Info (11105): For recommendations on closing timing, run Report Timing Closure Recommendations in the TimeQuest Timing Analyzer.
Info (332146): Worst-case minimum pulse width slack is -3.000
    Info (332119):     Slack End Point TNS Clock 
    Info (332119): ========= ============= =====================
    Info (332119):    -3.000       -17.870 clk 
Info: Analyzing Slow 1200mV 0C Model
Info (334003): Started post-fitting delay annotation
Info (334004): Delay annotation completed successfully
Info (332154): The derive_clock_uncertainty command did not apply clock uncertainty to any clock-to-clock transfers.
Info (332146): Worst-case setup slack is 0.134
    Info (332119):     Slack End Point TNS Clock 
    Info (332119): ========= ============= =====================
    Info (332119):     0.134         0.000 clk 
Info (332146): Worst-case hold slack is 0.470
    Info (332119):     Slack End Point TNS Clock 
    Info (332119): ========= ============= =====================
    Info (332119):     0.470         0.000 clk 
Info (332140): No Recovery paths to report
Info (332140): No Removal paths to report
Critical Warning (332148): Timing requirements not met
    Info (11105): For recommendations on closing timing, run Report Timing Closure Recommendations in the TimeQuest Timing Analyzer.
Info (332146): Worst-case minimum pulse width slack is -3.000
    Info (332119):     Slack End Point TNS Clock 
    Info (332119): ========= ============= =====================
    Info (332119):    -3.000       -17.870 clk 
Info: Analyzing Fast 1200mV 0C Model
Info (332154): The derive_clock_uncertainty command did not apply clock uncertainty to any clock-to-clock transfers.
Info (332146): Worst-case setup slack is 0.596
    Info (332119):     Slack End Point TNS Clock 
    Info (332119): ========= ============= =====================
    Info (332119):     0.596         0.000 clk 
Info (332146): Worst-case hold slack is 0.208
    Info (332119):     Slack End Point TNS Clock 
    Info (332119): ========= ============= =====================
    Info (332119):     0.208         0.000 clk 
Info (332140): No Recovery paths to report
Info (332140): No Removal paths to report
Critical Warning (332148): Timing requirements not met
    Info (11105): For recommendations on closing timing, run Report Timing Closure Recommendations in the TimeQuest Timing Analyzer.
Info (332146): Worst-case minimum pulse width slack is -3.000
    Info (332119):     Slack End Point TNS Clock 
    Info (332119): ========= ============= =====================
    Info (332119):    -3.000       -13.790 clk 
Info (332102): Design is not fully constrained for setup requirements
Info (332102): Design is not fully constrained for hold requirements
Info: Quartus II 32-bit TimeQuest Timing Analyzer was successful. 0 errors, 4 warnings
    Info: Peak virtual memory: 386 megabytes
    Info: Processing ended: Thu Nov 09 16:46:27 2017
    Info: Elapsed time: 00:00:02
    Info: Total CPU time (on all processors): 00:00:02


